2026-06-30 12:49:32.123 INFO  (main) [] o.e.j.s.Server jetty-12.0.27; built: 2025-09-10T23:47:49.595Z; git: 3569a3e83ad136ee44e26b370b74c1c5e9f33e61; jvm 25.0.2+10-LTS
2026-06-30 12:49:32.467 INFO  (main) [] o.e.j.e.w.StandardDescriptorProcessor NO JSP Support for /solr, did not find org.apache.jasper.servlet.JspServlet
2026-06-30 12:49:32.487 INFO  (main) [] o.e.j.s.h.ContextHandler Started oeje10w.WebAppContext@49bd54f7{solr-jetty-context,/solr,b=file:///opt/solr-10.0.0/server/solr-webapp/webapp/,a=AVAILABLE,h=oeje10s.SessionHandler@6b5f8707{STARTED}}{/opt/solr-10.0.0/server/solr-webapp/webapp}
2026-06-30 12:49:32.496 INFO  (main) [] o.a.s.s.CoreContainerProvider Using logger factory org.apache.logging.slf4j.Log4jLoggerFactory
2026-06-30 12:49:32.500 INFO  (main) [] o.a.s.s.CoreContainerProvider  ___      _       Welcome to Apache SolrŌäó version 10.0.0
2026-06-30 12:49:32.501 INFO  (main) [] o.a.s.s.CoreContainerProvider / __| ___| |_ _   Starting in standalone mode on port 8983
2026-06-30 12:49:32.501 INFO  (main) [] o.a.s.s.CoreContainerProvider \__ \/ _ \ | '_|  Install dir: /opt/solr-10.0.0
2026-06-30 12:49:32.501 INFO  (main) [] o.a.s.s.CoreContainerProvider |___/\___/_|_|    Start time: 2026-06-30T12:49:32.501049516Z
2026-06-30 12:49:32.503 INFO  (main) [] o.a.s.s.CoreContainerProvider Solr started with "-XX:+CrashOnOutOfMemoryError" that will crash on any OutOfMemoryError exception. The cause of the OOME will be logged in the crash file at the following path: /var/solr/logs/jvm_crash_13.log
2026-06-30 12:49:32.586 INFO  (main) [] o.a.l.i.v.PanamaVectorizationProvider Java vector incubator API enabled; uses preferredBitSize=512; FMA enabled
2026-06-30 12:49:32.588 INFO  (main) [] o.a.s.s.CoreContainerProvider Solr Home: /var/solr/data (source: system property: solr.solr.home)
2026-06-30 12:49:32.606 INFO  (main) [] o.a.s.c.SolrXmlConfig solr.xml not found in SOLR_HOME, using built-in default
2026-06-30 12:49:32.606 INFO  (main) [] o.a.s.c.SolrXmlConfig Loading solr.xml from /opt/solr-10.0.0/server/solr/solr.xml
2026-06-30 12:49:32.632 INFO  (main) [] o.a.s.c.SolrResourceLoader Added 1 libs to classloader, from paths: [/opt/solr-10.0.0/lib]
2026-06-30 12:49:32.971 INFO  (main) [] o.a.s.c.OpenTelemetryConfigurator OpenTelemetry tracer enabled with simple propagation only.
2026-06-30 12:49:33.117 INFO  (main) [] o.a.s.m.OtelRuntimeJvmMetrics JVM metrics collection successfully initialized
2026-06-30 12:49:33.465 INFO  (main) [] o.a.s.u.StartupLoggingUtils Jetty request logging enabled. Will retain logs for last 3 days.
2026-06-30 12:49:33.467 WARN  (main) [] o.a.s.c.CoreContainer Not all security plugins configured!  authentication=disabled authorization=disabled.  Solr is only as secure as you make it. Consider configuring authentication/authorization before exposing Solr to users internal or external.  See https://s.apache.org/solrsecurity for more info
2026-06-30 12:49:33.565 INFO  (main) [] o.a.s.c.CorePropertiesLocator Found 1 core definitions underneath /var/solr/data
2026-06-30 12:49:33.566 INFO  (main) [] o.a.s.c.CorePropertiesLocator Cores are: [nomologia]
2026-06-30 12:49:33.602 INFO  (coreLoadExecutor-13-thread-1) [ x:nomologia] o.a.s.c.SolrConfig Using Lucene MatchVersion: 10.3.0
2026-06-30 12:49:33.643 INFO  (coreLoadExecutor-13-thread-1) [ x:nomologia] o.a.s.s.IndexSchema Schema name=default-config
2026-06-30 12:49:33.678 WARN  (main) [] o.g.j.m.i.MessagingBinders A class jakarta.activation.DataSource for a default provider MessageBodyWriter<jakarta.activation.DataSource> was not found. The provider is not available.
2026-06-30 12:49:33.852 INFO  (main) [] o.a.s.j.SolrRequestAuthorizer Creating a new SolrRequestAuthorizer
2026-06-30 12:49:33.916 INFO  (main) [] o.e.j.e.s.ServletContextHandler Started oeje10w.WebAppContext@49bd54f7{solr-jetty-context,/solr,b=file:///opt/solr-10.0.0/server/solr-webapp/webapp/,a=AVAILABLE,h=oeje10s.SessionHandler@6b5f8707{STARTED}}{/opt/solr-10.0.0/server/solr-webapp/webapp}
2026-06-30 12:49:33.920 INFO  (main) [] o.e.j.s.RequestLogWriter Opened /var/solr/logs/2026_06_30.request.log
2026-06-30 12:49:33.924 INFO  (main) [] o.e.j.s.AbstractConnector Started ServerConnector@4b50c21{HTTP/1.1, (http/1.1, h2c)}{0.0.0.0:8983}
2026-06-30 12:49:33.925 INFO  (main) [] o.e.j.s.Server Started oejs.Server@78365cfa{STARTING}[12.0.27,sto=0] @2828ms
2026-06-30 12:49:34.190 INFO  (coreLoadExecutor-13-thread-1) [ x:nomologia] o.a.s.s.IndexSchema Loaded schema default-config/1.7 with uniqueid field id
2026-06-30 12:49:34.203 INFO  (coreLoadExecutor-13-thread-1) [ x:nomologia] o.a.s.c.CoreContainer Creating SolrCore 'nomologia' using configuration from instancedir /var/solr/data/nomologia
2026-06-30 12:49:34.221 INFO  (coreLoadExecutor-13-thread-1) [ x:nomologia] o.a.s.c.SolrCore Opening new SolrCore at [/var/solr/data/nomologia], dataDir=[/var/solr/data/nomologia/data/]
2026-06-30 12:49:34.535 INFO  (coreLoadExecutor-13-thread-1) [ x:nomologia] o.a.s.j.SolrRequestAuthorizer Creating a new SolrRequestAuthorizer
2026-06-30 12:49:34.548 INFO  (coreLoadExecutor-13-thread-1) [ x:nomologia] o.a.s.u.UpdateHandler Using UpdateLog implementation: org.apache.solr.update.UpdateLog
2026-06-30 12:49:34.552 INFO  (coreLoadExecutor-13-thread-1) [ x:nomologia] o.a.s.u.UpdateLog Initializing UpdateLog: dataDir= defaultSyncLevel=FLUSH numRecordsToKeep=100 maxNumLogsToKeep=10
2026-06-30 12:49:34.553 INFO  (coreLoadExecutor-13-thread-1) [ x:nomologia] o.a.s.u.CommitTracker Hard AutoCommit: if uncommitted for 15000ms; 
2026-06-30 12:49:34.553 INFO  (coreLoadExecutor-13-thread-1) [ x:nomologia] o.a.s.u.CommitTracker Soft AutoCommit: if uncommitted for 3000ms; 
2026-06-30 12:49:35.119 INFO  (coreLoadExecutor-13-thread-1) [ x:nomologia] o.a.s.r.ManagedResourceStorage File-based storage initialized to use dir: /var/solr/data/nomologia/conf
2026-06-30 12:49:35.126 INFO  (coreLoadExecutor-13-thread-1) [ x:nomologia] o.a.s.s.DirectSolrSpellChecker init: {name=default, field=_text_, classname=solr.DirectSolrSpellChecker, distanceMeasure=internal, accuracy=0.5, maxQueryFrequency=0.01, maxEdits=2, minPrefix=1, maxInspections=5, minQueryLength=4}
2026-06-30 12:49:35.128 INFO  (coreLoadExecutor-13-thread-1) [ x:nomologia] o.a.s.h.ReplicationHandler Commits will be reserved for 10000 ms
2026-06-30 12:49:35.129 INFO  (searcherExecutor-15-thread-1-processing-nomologia) [ x:nomologia] o.a.s.c.QuerySenderListener QuerySenderListener done.
2026-06-30 12:49:35.129 INFO  (searcherExecutor-15-thread-1-processing-nomologia) [ x:nomologia] o.a.s.h.c.SpellCheckComponent Loading spell index for spellchecker: default
2026-06-30 12:49:35.131 INFO  (searcherExecutor-15-thread-1-processing-nomologia) [ x:nomologia] o.a.s.c.SolrCore Registered new searcher autowarm time: 0 ms
2026-06-30 12:49:36.092 INFO  (qtp324404955-94-null-1) [ x:nomologia t:null-1] o.a.s.c.S.Request path=/admin/ping params={} hits=1246 status=0 QTime=16
2026-06-30 12:49:36.093 INFO  (qtp324404955-94-null-1) [ x:nomologia t:null-1] o.a.s.c.S.Request path=/admin/ping params={} status=0 QTime=17
2026-06-30 12:49:47.931 INFO  (qtp324404955-56-null-2) [ x:nomologia t:null-2] o.a.s.c.S.Request path=/select params={q=*:*&facet.limit=-1&facet.field=katigoria&facet.field=ypokatigoria&facet.field=organismos&facet.mincount=1&rows=0&facet=true&wt=json} hits=1246 status=0 QTime=27
2026-06-30 12:49:48.001 INFO  (qtp324404955-56-null-3) [ x:nomologia t:null-3] o.a.s.c.S.Request path=/select params={q=*:*&facet.limit=-1&facet.pivot=katigoria,ypokatigoria&facet.mincount=1&rows=0&facet=true&wt=json} hits=1246 status=0 QTime=51
2026-06-30 12:49:51.189 INFO  (qtp324404955-56-null-4) [ x:nomologia t:null-4] o.a.s.c.S.Request path=/admin/ping params={} hits=1246 status=0 QTime=0
2026-06-30 12:49:51.190 INFO  (qtp324404955-56-null-4) [ x:nomologia t:null-4] o.a.s.c.S.Request path=/admin/ping params={} status=0 QTime=0
2026-06-30 12:49:59.308 INFO  (qtp324404955-59-null-5) [ x:nomologia t:null-5] o.a.s.c.S.Request path=/select params={facet.field=katigoria&facet.field=ypokatigoria&facet.field=organismos&hl=true&hl.fragsize=200&start=0&rows=10&hl.simple.pre=<mark>&hl.snippets=3&q=t&defType=edismax&hl.simple.post=</mark>&qf=titlos^3+periexomeno+katigoria^2+ypokatigoria^2+organismos^2&hl.fl=periexomeno&facet=true&wt=json} hits=194 status=0 QTime=159
2026-06-30 12:49:59.473 INFO  (qtp324404955-59-null-6) [ x:nomologia t:null-6] o.a.s.c.S.Request path=/select params={facet.field=katigoria&facet.field=ypokatigoria&facet.field=organismos&hl=true&hl.fragsize=200&start=0&rows=10&hl.simple.pre=<mark>&hl.snippets=3&q=to&defType=edismax&hl.simple.post=</mark>&qf=titlos^3+periexomeno+katigoria^2+ypokatigoria^2+organismos^2&hl.fl=periexomeno&facet=true&wt=json} hits=240 status=0 QTime=112
2026-06-30 12:49:59.539 INFO  (qtp324404955-59-null-7) [ x:nomologia t:null-7] o.a.s.c.S.Request path=/select params={facet.field=katigoria&facet.field=ypokatigoria&facet.field=organismos&hl=true&hl.fragsize=200&start=0&rows=10&hl.simple.pre=<mark>&hl.snippets=3&q=toy&defType=edismax&hl.simple.post=</mark>&qf=titlos^3+periexomeno+katigoria^2+ypokatigoria^2+organismos^2&hl.fl=periexomeno&facet=true&wt=json} hits=2 status=0 QTime=11
2026-06-30 12:49:59.715 INFO  (qtp324404955-59-null-8) [ x:nomologia t:null-8] o.a.s.c.S.Request path=/select params={facet.field=katigoria&facet.field=ypokatigoria&facet.field=organismos&hl=true&hl.fragsize=200&start=0&rows=10&hl.simple.pre=<mark>&hl.snippets=3&q=toyb&defType=edismax&hl.simple.post=</mark>&qf=titlos^3+periexomeno+katigoria^2+ypokatigoria^2+organismos^2&hl.fl=periexomeno&facet=true&wt=json} hits=0 status=0 QTime=1
2026-06-30 12:49:59.844 INFO  (qtp324404955-59-null-9) [ x:nomologia t:null-9] o.a.s.c.S.Request path=/select params={facet.field=katigoria&facet.field=ypokatigoria&facet.field=organismos&hl=true&hl.fragsize=200&start=0&rows=10&hl.simple.pre=<mark>&hl.snippets=3&q=toybl&defType=edismax&hl.simple.post=</mark>&qf=titlos^3+periexomeno+katigoria^2+ypokatigoria^2+organismos^2&hl.fl=periexomeno&facet=true&wt=json} hits=0 status=0 QTime=2
2026-06-30 12:49:59.993 INFO  (qtp324404955-64-null-10) [ x:nomologia t:null-10] o.a.s.c.S.Request path=/select params={facet.field=katigoria&facet.field=ypokatigoria&facet.field=organismos&hl=true&hl.fragsize=200&start=0&rows=10&hl.simple.pre=<mark>&hl.snippets=3&q=toyblo&defType=edismax&hl.simple.post=</mark>&qf=titlos^3+periexomeno+katigoria^2+ypokatigoria^2+organismos^2&hl.fl=periexomeno&facet=true&wt=json} hits=0 status=0 QTime=2
2026-06-30 12:50:02.099 INFO  (qtp324404955-64-null-11) [ x:nomologia t:null-11] o.a.s.c.S.Request path=/select params={facet.field=katigoria&facet.field=ypokatigoria&facet.field=organismos&hl=true&hl.fragsize=200&start=0&rows=10&hl.simple.pre=<mark>&hl.snippets=3&q=toybl&defType=edismax&hl.simple.post=</mark>&qf=titlos^3+periexomeno+katigoria^2+ypokatigoria^2+organismos^2&hl.fl=periexomeno&facet=true&wt=json} hits=0 status=0 QTime=1
2026-06-30 12:50:02.262 INFO  (qtp324404955-86-null-12) [ x:nomologia t:null-12] o.a.s.c.S.Request path=/select params={facet.field=katigoria&facet.field=ypokatigoria&facet.field=organismos&hl=true&hl.fragsize=200&start=0&rows=10&hl.simple.pre=<mark>&hl.snippets=3&q=toyb&defType=edismax&hl.simple.post=</mark>&qf=titlos^3+periexomeno+katigoria^2+ypokatigoria^2+organismos^2&hl.fl=periexomeno&facet=true&wt=json} hits=0 status=0 QTime=1
2026-06-30 12:50:02.441 INFO  (qtp324404955-55-null-13) [ x:nomologia t:null-13] o.a.s.c.S.Request path=/select params={facet.field=katigoria&facet.field=ypokatigoria&facet.field=organismos&hl=true&hl.fragsize=200&start=0&rows=10&hl.simple.pre=<mark>&hl.snippets=3&q=toy&defType=edismax&hl.simple.post=</mark>&qf=titlos^3+periexomeno+katigoria^2+ypokatigoria^2+organismos^2&hl.fl=periexomeno&facet=true&wt=json} hits=2 status=0 QTime=6
2026-06-30 12:50:02.786 INFO  (qtp324404955-94-null-14) [ x:nomologia t:null-14] o.a.s.c.S.Request path=/select params={facet.field=katigoria&facet.field=ypokatigoria&facet.field=organismos&hl=true&hl.fragsize=200&start=0&rows=10&hl.simple.pre=<mark>&hl.snippets=3&q=to&defType=edismax&hl.simple.post=</mark>&qf=titlos^3+periexomeno+katigoria^2+ypokatigoria^2+organismos^2&hl.fl=periexomeno&facet=true&wt=json} hits=240 status=0 QTime=55
2026-06-30 12:50:02.890 INFO  (qtp324404955-57-null-15) [ x:nomologia t:null-15] o.a.s.c.S.Request path=/select params={facet.field=katigoria&facet.field=ypokatigoria&facet.field=organismos&hl=true&hl.fragsize=200&start=0&rows=10&hl.simple.pre=<mark>&hl.snippets=3&q=t&defType=edismax&hl.simple.post=</mark>&qf=titlos^3+periexomeno+katigoria^2+ypokatigoria^2+organismos^2&hl.fl=periexomeno&facet=true&wt=json} hits=194 status=0 QTime=19
2026-06-30 12:50:04.146 INFO  (qtp324404955-58-null-16) [ x:nomologia t:null-16] o.a.s.c.S.Request path=/select params={facet.field=katigoria&facet.field=ypokatigoria&facet.field=organismos&hl=true&hl.fragsize=200&start=0&rows=10&hl.simple.pre=<mark>&hl.snippets=3&q=t&defType=edismax&hl.simple.post=</mark>&qf=titlos^3+periexomeno+katigoria^2+ypokatigoria^2+organismos^2&hl.fl=periexomeno&facet=true&wt=json} hits=194 status=0 QTime=19
2026-06-30 12:50:04.304 INFO  (qtp324404955-56-null-17) [ x:nomologia t:null-17] o.a.s.c.S.Request path=/select params={facet.field=katigoria&facet.field=ypokatigoria&facet.field=organismos&hl=true&hl.fragsize=200&start=0&rows=10&hl.simple.pre=<mark>&hl.snippets=3&q=to&defType=edismax&hl.simple.post=</mark>&qf=titlos^3+periexomeno+katigoria^2+ypokatigoria^2+organismos^2&hl.fl=periexomeno&facet=true&wt=json} hits=240 status=0 QTime=54
2026-06-30 12:50:04.346 INFO  (qtp324404955-60-null-18) [ x:nomologia t:null-18] o.a.s.c.S.Request path=/select params={facet.field=katigoria&facet.field=ypokatigoria&facet.field=organismos&hl=true&hl.fragsize=200&start=0&rows=10&hl.simple.pre=<mark>&hl.snippets=3&q=toy&defType=edismax&hl.simple.post=</mark>&qf=titlos^3+periexomeno+katigoria^2+ypokatigoria^2+organismos^2&hl.fl=periexomeno&facet=true&wt=json} hits=2 status=0 QTime=4
2026-06-30 12:50:05.017 INFO  (qtp324404955-61-null-19) [ x:nomologia t:null-19] o.a.s.c.S.Request path=/select params={facet.field=katigoria&facet.field=ypokatigoria&facet.field=organismos&hl=true&hl.fragsize=200&start=0&rows=10&hl.simple.pre=<mark>&hl.snippets=3&q=toyb&defType=edismax&hl.simple.post=</mark>&qf=titlos^3+periexomeno+katigoria^2+ypokatigoria^2+organismos^2&hl.fl=periexomeno&facet=true&wt=json} hits=0 status=0 QTime=1
2026-06-30 12:50:05.139 INFO  (qtp324404955-62-null-20) [ x:nomologia t:null-20] o.a.s.c.S.Request path=/select params={facet.field=katigoria&facet.field=ypokatigoria&facet.field=organismos&hl=true&hl.fragsize=200&start=0&rows=10&hl.simple.pre=<mark>&hl.snippets=3&q=toybl&defType=edismax&hl.simple.post=</mark>&qf=titlos^3+periexomeno+katigoria^2+ypokatigoria^2+organismos^2&hl.fl=periexomeno&facet=true&wt=json} hits=0 status=0 QTime=1
2026-06-30 12:50:05.294 INFO  (qtp324404955-63-null-21) [ x:nomologia t:null-21] o.a.s.c.S.Request path=/select params={facet.field=katigoria&facet.field=ypokatigoria&facet.field=organismos&hl=true&hl.fragsize=200&start=0&rows=10&hl.simple.pre=<mark>&hl.snippets=3&q=toyblo&defType=edismax&hl.simple.post=</mark>&qf=titlos^3+periexomeno+katigoria^2+ypokatigoria^2+organismos^2&hl.fl=periexomeno&facet=true&wt=json} hits=0 status=0 QTime=1
2026-06-30 12:50:06.266 INFO  (qtp324404955-59-null-22) [ x:nomologia t:null-22] o.a.s.c.S.Request path=/admin/ping params={} hits=1246 status=0 QTime=0
2026-06-30 12:50:06.266 INFO  (qtp324404955-59-null-22) [ x:nomologia t:null-22] o.a.s.c.S.Request path=/admin/ping params={} status=0 QTime=0
2026-06-30 12:50:09.688 INFO  (qtp324404955-85-null-23) [ x:nomologia t:null-23] o.a.s.c.S.Request path=/select params={facet.field=katigoria&facet.field=ypokatigoria&facet.field=organismos&hl=true&hl.fragsize=200&start=0&rows=10&hl.simple.pre=<mark>&hl.snippets=3&q=toybl&defType=edismax&hl.simple.post=</mark>&qf=titlos^3+periexomeno+katigoria^2+ypokatigoria^2+organismos^2&hl.fl=periexomeno&facet=true&wt=json} hits=0 status=0 QTime=1
2026-06-30 12:50:09.819 INFO  (qtp324404955-64-null-24) [ x:nomologia t:null-24] o.a.s.c.S.Request path=/select params={facet.field=katigoria&facet.field=ypokatigoria&facet.field=organismos&hl=true&hl.fragsize=200&start=0&rows=10&hl.simple.pre=<mark>&hl.snippets=3&q=toyb&defType=edismax&hl.simple.post=</mark>&qf=titlos^3+periexomeno+katigoria^2+ypokatigoria^2+organismos^2&hl.fl=periexomeno&facet=true&wt=json} hits=0 status=0 QTime=1
2026-06-30 12:50:09.975 INFO  (qtp324404955-86-null-25) [ x:nomologia t:null-25] o.a.s.c.S.Request path=/select params={facet.field=katigoria&facet.field=ypokatigoria&facet.field=organismos&hl=true&hl.fragsize=200&start=0&rows=10&hl.simple.pre=<mark>&hl.snippets=3&q=toy&defType=edismax&hl.simple.post=</mark>&qf=titlos^3+periexomeno+katigoria^2+ypokatigoria^2+organismos^2&hl.fl=periexomeno&facet=true&wt=json} hits=2 status=0 QTime=4
2026-06-30 12:50:10.169 INFO  (qtp324404955-94-null-26) [ x:nomologia t:null-26] o.a.s.c.S.Request path=/select params={facet.field=katigoria&facet.field=ypokatigoria&facet.field=organismos&hl=true&hl.fragsize=200&start=0&rows=10&hl.simple.pre=<mark>&hl.snippets=3&q=to&defType=edismax&hl.simple.post=</mark>&qf=titlos^3+periexomeno+katigoria^2+ypokatigoria^2+organismos^2&hl.fl=periexomeno&facet=true&wt=json} hits=240 status=0 QTime=56
2026-06-30 12:50:11.275 INFO  (qtp324404955-57-null-27) [ x:nomologia t:null-27] o.a.s.c.S.Request path=/select params={facet.field=katigoria&facet.field=ypokatigoria&facet.field=organismos&hl=true&hl.fragsize=200&start=0&rows=10&hl.simple.pre=<mark>&hl.snippets=3&q=t&defType=edismax&hl.simple.post=</mark>&qf=titlos^3+periexomeno+katigoria^2+ypokatigoria^2+organismos^2&hl.fl=periexomeno&facet=true&wt=json} hits=194 status=0 QTime=18
2026-06-30 12:50:12.293 INFO  (qtp324404955-58-null-28) [ x:nomologia t:null-28] o.a.s.c.S.Request path=/select params={facet.field=katigoria&facet.field=ypokatigoria&facet.field=organismos&hl=true&hl.fragsize=200&start=0&rows=10&hl.simple.pre=<mark>&hl.snippets=3&q=Žä&defType=edismax&hl.simple.post=</mark>&qf=titlos^3+periexomeno+katigoria^2+ypokatigoria^2+organismos^2&hl.fl=periexomeno&facet=true&wt=json} hits=580 status=0 QTime=36
2026-06-30 12:50:12.436 INFO  (qtp324404955-56-null-29) [ x:nomologia t:null-29] o.a.s.c.S.Request path=/select params={facet.field=katigoria&facet.field=ypokatigoria&facet.field=organismos&hl=true&hl.fragsize=200&start=0&rows=10&hl.simple.pre=<mark>&hl.snippets=3&q=Žä╬┐&defType=edismax&hl.simple.post=</mark>&qf=titlos^3+periexomeno+katigoria^2+ypokatigoria^2+organismos^2&hl.fl=periexomeno&facet=true&wt=json} hits=0 status=0 QTime=1
2026-06-30 12:50:12.545 INFO  (qtp324404955-60-null-30) [ x:nomologia t:null-30] o.a.s.c.S.Request path=/select params={facet.field=katigoria&facet.field=ypokatigoria&facet.field=organismos&hl=true&hl.fragsize=200&start=0&rows=10&hl.simple.pre=<mark>&hl.snippets=3&q=Žä╬┐Žģ&defType=edismax&hl.simple.post=</mark>&qf=titlos^3+periexomeno+katigoria^2+ypokatigoria^2+organismos^2&hl.fl=periexomeno&facet=true&wt=json} hits=0 status=0 QTime=1
2026-06-30 12:50:12.834 INFO  (qtp324404955-61-null-31) [ x:nomologia t:null-31] o.a.s.c.S.Request path=/select params={facet.field=katigoria&facet.field=ypokatigoria&facet.field=organismos&hl=true&hl.fragsize=200&start=0&rows=10&hl.simple.pre=<mark>&hl.snippets=3&q=Žä╬┐Žģ╬Į&defType=edismax&hl.simple.post=</mark>&qf=titlos^3+periexomeno+katigoria^2+ypokatigoria^2+organismos^2&hl.fl=periexomeno&facet=true&wt=json} hits=580 status=0 QTime=19
2026-06-30 12:50:13.437 INFO  (qtp324404955-62-null-32) [ x:nomologia t:null-32] o.a.s.c.S.Request path=/select params={facet.field=katigoria&facet.field=ypokatigoria&facet.field=organismos&hl=true&hl.fragsize=200&start=0&rows=10&hl.simple.pre=<mark>&hl.snippets=3&q=Žä╬┐Žģ&defType=edismax&hl.simple.post=</mark>&qf=titlos^3+periexomeno+katigoria^2+ypokatigoria^2+organismos^2&hl.fl=periexomeno&facet=true&wt=json} hits=0 status=0 QTime=1
2026-06-30 12:50:13.535 INFO  (qtp324404955-63-null-33) [ x:nomologia t:null-33] o.a.s.c.S.Request path=/select params={facet.field=katigoria&facet.field=ypokatigoria&facet.field=organismos&hl=true&hl.fragsize=200&start=0&rows=10&hl.simple.pre=<mark>&hl.snippets=3&q=Žä╬┐Žģ╬▓&defType=edismax&hl.simple.post=</mark>&qf=titlos^3+periexomeno+katigoria^2+ypokatigoria^2+organismos^2&hl.fl=periexomeno&facet=true&wt=json} hits=0 status=0 QTime=1
2026-06-30 12:50:13.675 INFO  (qtp324404955-59-null-34) [ x:nomologia t:null-34] o.a.s.c.S.Request path=/select params={facet.field=katigoria&facet.field=ypokatigoria&facet.field=organismos&hl=true&hl.fragsize=200&start=0&rows=10&hl.simple.pre=<mark>&hl.snippets=3&q=Žä╬┐Žģ╬▓╬╗&defType=edismax&hl.simple.post=</mark>&qf=titlos^3+periexomeno+katigoria^2+ypokatigoria^2+organismos^2&hl.fl=periexomeno&facet=true&wt=json} hits=17 status=0 QTime=21
2026-06-30 12:50:13.921 INFO  (qtp324404955-85-null-35) [ x:nomologia t:null-35] o.a.s.c.S.Request path=/select params={facet.field=katigoria&facet.field=ypokatigoria&facet.field=organismos&hl=true&hl.fragsize=200&start=0&rows=10&hl.simple.pre=<mark>&hl.snippets=3&q=Žä╬┐Žģ╬▓╬╗╬┐&defType=edismax&hl.simple.post=</mark>&qf=titlos^3+periexomeno+katigoria^2+ypokatigoria^2+organismos^2&hl.fl=periexomeno&facet=true&wt=json} hits=17 status=0 QTime=12
2026-06-30 12:50:16.015 INFO  (qtp324404955-64-null-36) [ x:nomologia t:null-36] o.a.s.c.S.Request path=/select params={facet.field=katigoria&facet.field=ypokatigoria&facet.field=organismos&hl=true&hl.fragsize=200&start=0&rows=10&hl.simple.pre=<mark>&hl.snippets=3&q=Žä╬┐Žģ╬▓╬╗╬┐&defType=edismax&hl.simple.post=</mark>&qf=titlos^3+periexomeno+katigoria^2+ypokatigoria^2+organismos^2&hl.fl=periexomeno&facet=true&wt=json} hits=17 status=0 QTime=14
2026-06-30 12:50:16.046 INFO  (qtp324404955-86-null-37) [ x:nomologia t:null-37] o.a.s.c.S.Request path=/select params={q=*:*&facet.limit=-1&facet.pivot=katigoria,ypokatigoria&facet.mincount=1&rows=0&facet=true&wt=json} hits=1246 status=0 QTime=2
2026-06-30 12:50:16.054 INFO  (qtp324404955-94-null-38) [ x:nomologia t:null-38] o.a.s.c.S.Request path=/select params={q=*:*&facet.limit=-1&facet.field=katigoria&facet.field=ypokatigoria&facet.field=organismos&facet.mincount=1&rows=0&facet=true&wt=json} hits=1246 status=0 QTime=0
2026-06-30 12:50:21.338 INFO  (qtp324404955-57-null-39) [ x:nomologia t:null-39] o.a.s.c.S.Request path=/admin/ping params={} hits=1246 status=0 QTime=0
2026-06-30 12:50:21.338 INFO  (qtp324404955-57-null-39) [ x:nomologia t:null-39] o.a.s.c.S.Request path=/admin/ping params={} status=0 QTime=0
2026-06-30 12:50:36.401 INFO  (qtp324404955-58-null-40) [ x:nomologia t:null-40] o.a.s.c.S.Request path=/admin/ping params={} hits=1246 status=0 QTime=0
2026-06-30 12:50:36.401 INFO  (qtp324404955-58-null-40) [ x:nomologia t:null-40] o.a.s.c.S.Request path=/admin/ping params={} status=0 QTime=0
2026-06-30 12:50:51.460 INFO  (qtp324404955-56-null-41) [ x:nomologia t:null-41] o.a.s.c.S.Request path=/admin/ping params={} hits=1246 status=0 QTime=0
2026-06-30 12:50:51.460 INFO  (qtp324404955-56-null-41) [ x:nomologia t:null-41] o.a.s.c.S.Request path=/admin/ping params={} status=0 QTime=0
2026-06-30 12:51:06.528 INFO  (qtp324404955-60-null-42) [ x:nomologia t:null-42] o.a.s.c.S.Request path=/admin/ping params={} hits=1246 status=0 QTime=0
2026-06-30 12:51:06.528 INFO  (qtp324404955-60-null-42) [ x:nomologia t:null-42] o.a.s.c.S.Request path=/admin/ping params={} status=0 QTime=0
2026-06-30 12:51:21.591 INFO  (qtp324404955-61-null-43) [ x:nomologia t:null-43] o.a.s.c.S.Request path=/admin/ping params={} hits=1246 status=0 QTime=0
2026-06-30 12:51:21.592 INFO  (qtp324404955-61-null-43) [ x:nomologia t:null-43] o.a.s.c.S.Request path=/admin/ping params={} status=0 QTime=0
2026-06-30 12:51:36.661 INFO  (qtp324404955-62-null-44) [ x:nomologia t:null-44] o.a.s.c.S.Request path=/admin/ping params={} hits=1246 status=0 QTime=0
2026-06-30 12:51:36.661 INFO  (qtp324404955-62-null-44) [ x:nomologia t:null-44] o.a.s.c.S.Request path=/admin/ping params={} status=0 QTime=0
2026-06-30 12:51:51.727 INFO  (qtp324404955-63-null-45) [ x:nomologia t:null-45] o.a.s.c.S.Request path=/admin/ping params={} hits=1246 status=0 QTime=0
2026-06-30 12:51:51.727 INFO  (qtp324404955-63-null-45) [ x:nomologia t:null-45] o.a.s.c.S.Request path=/admin/ping params={} status=0 QTime=0
2026-06-30 12:52:06.797 INFO  (qtp324404955-59-null-46) [ x:nomologia t:null-46] o.a.s.c.S.Request path=/admin/ping params={} hits=1246 status=0 QTime=0
2026-06-30 12:52:06.797 INFO  (qtp324404955-59-null-46) [ x:nomologia t:null-46] o.a.s.c.S.Request path=/admin/ping params={} status=0 QTime=0
2026-06-30 12:52:21.847 INFO  (qtp324404955-85-null-47) [ x:nomologia t:null-47] o.a.s.c.S.Request path=/admin/ping params={} hits=1246 status=0 QTime=0
2026-06-30 12:52:21.847 INFO  (qtp324404955-85-null-47) [ x:nomologia t:null-47] o.a.s.c.S.Request path=/admin/ping params={} status=0 QTime=0
2026-06-30 12:52:36.905 INFO  (qtp324404955-64-null-48) [ x:nomologia t:null-48] o.a.s.c.S.Request path=/admin/ping params={} hits=1246 status=0 QTime=0
2026-06-30 12:52:36.905 INFO  (qtp324404955-64-null-48) [ x:nomologia t:null-48] o.a.s.c.S.Request path=/admin/ping params={} status=0 QTime=0
2026-06-30 12:52:51.965 INFO  (qtp324404955-86-null-49) [ x:nomologia t:null-49] o.a.s.c.S.Request path=/admin/ping params={} hits=1246 status=0 QTime=0
2026-06-30 12:52:51.965 INFO  (qtp324404955-86-null-49) [ x:nomologia t:null-49] o.a.s.c.S.Request path=/admin/ping params={} status=0 QTime=0
2026-06-30 12:53:07.046 INFO  (qtp324404955-94-null-50) [ x:nomologia t:null-50] o.a.s.c.S.Request path=/admin/ping params={} hits=1246 status=0 QTime=0
2026-06-30 12:53:07.046 INFO  (qtp324404955-94-null-50) [ x:nomologia t:null-50] o.a.s.c.S.Request path=/admin/ping params={} status=0 QTime=0
2026-06-30 12:53:22.107 INFO  (qtp324404955-57-null-51) [ x:nomologia t:null-51] o.a.s.c.S.Request path=/admin/ping params={} hits=1246 status=0 QTime=0
2026-06-30 12:53:22.107 INFO  (qtp324404955-57-null-51) [ x:nomologia t:null-51] o.a.s.c.S.Request path=/admin/ping params={} status=0 QTime=0
2026-06-30 12:53:37.158 INFO  (qtp324404955-58-null-52) [ x:nomologia t:null-52] o.a.s.c.S.Request path=/admin/ping params={} hits=1246 status=0 QTime=0
2026-06-30 12:53:37.158 INFO  (qtp324404955-58-null-52) [ x:nomologia t:null-52] o.a.s.c.S.Request path=/admin/ping params={} status=0 QTime=0
2026-06-30 12:53:52.209 INFO  (qtp324404955-56-null-53) [ x:nomologia t:null-53] o.a.s.c.S.Request path=/admin/ping params={} hits=1246 status=0 QTime=0
2026-06-30 12:53:52.209 INFO  (qtp324404955-56-null-53) [ x:nomologia t:null-53] o.a.s.c.S.Request path=/admin/ping params={} status=0 QTime=0
2026-06-30 12:54:07.278 INFO  (qtp324404955-60-null-54) [ x:nomologia t:null-54] o.a.s.c.S.Request path=/admin/ping params={} hits=1246 status=0 QTime=0
2026-06-30 12:54:07.278 INFO  (qtp324404955-60-null-54) [ x:nomologia t:null-54] o.a.s.c.S.Request path=/admin/ping params={} status=0 QTime=0
2026-06-30 12:54:22.342 INFO  (qtp324404955-61-null-55) [ x:nomologia t:null-55] o.a.s.c.S.Request path=/admin/ping params={} hits=1246 status=0 QTime=0
2026-06-30 12:54:22.343 INFO  (qtp324404955-61-null-55) [ x:nomologia t:null-55] o.a.s.c.S.Request path=/admin/ping params={} status=0 QTime=0
2026-06-30 12:54:37.398 INFO  (qtp324404955-62-null-56) [ x:nomologia t:null-56] o.a.s.c.S.Request path=/admin/ping params={} hits=1246 status=0 QTime=0
2026-06-30 12:54:37.398 INFO  (qtp324404955-62-null-56) [ x:nomologia t:null-56] o.a.s.c.S.Request path=/admin/ping params={} status=0 QTime=0
2026-06-30 12:54:52.457 INFO  (qtp324404955-63-null-57) [ x:nomologia t:null-57] o.a.s.c.S.Request path=/admin/ping params={} hits=1246 status=0 QTime=0
2026-06-30 12:54:52.457 INFO  (qtp324404955-63-null-57) [ x:nomologia t:null-57] o.a.s.c.S.Request path=/admin/ping params={} status=0 QTime=0
2026-06-30 12:55:07.529 INFO  (qtp324404955-59-null-58) [ x:nomologia t:null-58] o.a.s.c.S.Request path=/admin/ping params={} hits=1246 status=0 QTime=0
2026-06-30 12:55:07.529 INFO  (qtp324404955-59-null-58) [ x:nomologia t:null-58] o.a.s.c.S.Request path=/admin/ping params={} status=0 QTime=0
2026-06-30 12:55:22.587 INFO  (qtp324404955-85-null-59) [ x:nomologia t:null-59] o.a.s.c.S.Request path=/admin/ping params={} hits=1246 status=0 QTime=0
2026-06-30 12:55:22.587 INFO  (qtp324404955-85-null-59) [ x:nomologia t:null-59] o.a.s.c.S.Request path=/admin/ping params={} status=0 QTime=0
2026-06-30 12:55:37.655 INFO  (qtp324404955-64-null-60) [ x:nomologia t:null-60] o.a.s.c.S.Request path=/admin/ping params={} hits=1246 status=0 QTime=0
2026-06-30 12:55:37.655 INFO  (qtp324404955-64-null-60) [ x:nomologia t:null-60] o.a.s.c.S.Request path=/admin/ping params={} status=0 QTime=0
2026-06-30 12:55:52.714 INFO  (qtp324404955-86-null-61) [ x:nomologia t:null-61] o.a.s.c.S.Request path=/admin/ping params={} hits=1246 status=0 QTime=0
2026-06-30 12:55:52.714 INFO  (qtp324404955-86-null-61) [ x:nomologia t:null-61] o.a.s.c.S.Request path=/admin/ping params={} status=0 QTime=0
2026-06-30 12:56:07.778 INFO  (qtp324404955-94-null-62) [ x:nomologia t:null-62] o.a.s.c.S.Request path=/admin/ping params={} hits=1246 status=0 QTime=0
2026-06-30 12:56:07.778 INFO  (qtp324404955-94-null-62) [ x:nomologia t:null-62] o.a.s.c.S.Request path=/admin/ping params={} status=0 QTime=0
2026-06-30 12:56:15.286 INFO  (qtp324404955-57-null-63) [ x:nomologia t:null-63] o.a.s.c.S.Request path=/select params={facet.field=katigoria&facet.field=ypokatigoria&facet.field=organismos&hl=true&hl.fragsize=200&start=0&rows=10&hl.simple.pre=<mark>&hl.snippets=3&q=Žä╬┐Žģ╬▓╬╗╬┐&defType=edismax&hl.simple.post=</mark>&qf=titlos^3+periexomeno+katigoria^2+ypokatigoria^2+organismos^2&hl.fl=periexomeno&facet=true&wt=json} hits=17 status=0 QTime=15
2026-06-30 12:56:15.322 INFO  (qtp324404955-58-null-64) [ x:nomologia t:null-64] o.a.s.c.S.Request path=/select params={q=*:*&facet.limit=-1&facet.pivot=katigoria,ypokatigoria&facet.mincount=1&rows=0&facet=true&wt=json} hits=1246 status=0 QTime=2
2026-06-30 12:56:15.332 INFO  (qtp324404955-56-null-65) [ x:nomologia t:null-65] o.a.s.c.S.Request path=/select params={q=*:*&facet.limit=-1&facet.field=katigoria&facet.field=ypokatigoria&facet.field=organismos&facet.mincount=1&rows=0&facet=true&wt=json} hits=1246 status=0 QTime=0
2026-06-30 12:56:22.837 INFO  (qtp324404955-60-null-66) [ x:nomologia t:null-66] o.a.s.c.S.Request path=/admin/ping params={} hits=1246 status=0 QTime=0
2026-06-30 12:56:22.837 INFO  (qtp324404955-60-null-66) [ x:nomologia t:null-66] o.a.s.c.S.Request path=/admin/ping params={} status=0 QTime=0
2026-06-30 12:56:37.893 INFO  (qtp324404955-61-null-67) [ x:nomologia t:null-67] o.a.s.c.S.Request path=/admin/ping params={} hits=1246 status=0 QTime=0
2026-06-30 12:56:37.893 INFO  (qtp324404955-61-null-67) [ x:nomologia t:null-67] o.a.s.c.S.Request path=/admin/ping params={} status=0 QTime=0
2026-06-30 12:56:52.962 INFO  (qtp324404955-62-null-68) [ x:nomologia t:null-68] o.a.s.c.S.Request path=/admin/ping params={} hits=1246 status=0 QTime=0
2026-06-30 12:56:52.962 INFO  (qtp324404955-62-null-68) [ x:nomologia t:null-68] o.a.s.c.S.Request path=/admin/ping params={} status=0 QTime=0
2026-06-30 12:57:08.022 INFO  (qtp324404955-63-null-69) [ x:nomologia t:null-69] o.a.s.c.S.Request path=/admin/ping params={} hits=1246 status=0 QTime=0
2026-06-30 12:57:08.022 INFO  (qtp324404955-63-null-69) [ x:nomologia t:null-69] o.a.s.c.S.Request path=/admin/ping params={} status=0 QTime=0
2026-06-30 12:57:22.715 INFO  (qtp324404955-59-null-70) [ x:nomologia t:null-70] o.a.s.c.S.Request path=/select params={q=*:*&facet.limit=-1&facet.field=katigoria&facet.field=ypokatigoria&facet.field=organismos&facet.mincount=1&rows=0&facet=true&wt=json} hits=1246 status=0 QTime=0
2026-06-30 12:57:22.727 INFO  (qtp324404955-85-null-71) [ x:nomologia t:null-71] o.a.s.c.S.Request path=/select params={q=*:*&facet.limit=-1&facet.pivot=katigoria,ypokatigoria&facet.mincount=1&rows=0&facet=true&wt=json} hits=1246 status=0 QTime=1
2026-06-30 12:57:23.098 INFO  (qtp324404955-64-null-72) [ x:nomologia t:null-72] o.a.s.c.S.Request path=/admin/ping params={} hits=1246 status=0 QTime=0
2026-06-30 12:57:23.098 INFO  (qtp324404955-64-null-72) [ x:nomologia t:null-72] o.a.s.c.S.Request path=/admin/ping params={} status=0 QTime=0
2026-06-30 12:57:24.399 INFO  (qtp324404955-86-null-73) [ x:nomologia t:null-73] o.a.s.c.S.Request path=/select params={facet.field=katigoria&facet.field=ypokatigoria&facet.field=organismos&hl=true&hl.fragsize=200&start=0&rows=10&hl.simple.pre=<mark>&hl.snippets=3&q=Žä&defType=edismax&hl.simple.post=</mark>&qf=titlos^3+periexomeno+katigoria^2+ypokatigoria^2+organismos^2&hl.fl=periexomeno&facet=true&wt=json} hits=580 status=0 QTime=16
2026-06-30 12:57:24.681 INFO  (qtp324404955-94-null-74) [ x:nomologia t:null-74] o.a.s.c.S.Request path=/select params={facet.field=katigoria&facet.field=ypokatigoria&facet.field=organismos&hl=true&hl.fragsize=200&start=0&rows=10&hl.simple.pre=<mark>&hl.snippets=3&q=ŽäŽģ&defType=edismax&hl.simple.post=</mark>&qf=titlos^3+periexomeno+katigoria^2+ypokatigoria^2+organismos^2&hl.fl=periexomeno&facet=true&wt=json} hits=17 status=0 QTime=39
2026-06-30 12:57:25.185 INFO  (qtp324404955-57-null-75) [ x:nomologia t:null-75] o.a.s.c.S.Request path=/select params={facet.field=katigoria&facet.field=ypokatigoria&facet.field=organismos&hl=true&hl.fragsize=200&start=0&rows=10&hl.simple.pre=<mark>&hl.snippets=3&q=Žä&defType=edismax&hl.simple.post=</mark>&qf=titlos^3+periexomeno+katigoria^2+ypokatigoria^2+organismos^2&hl.fl=periexomeno&facet=true&wt=json} hits=580 status=0 QTime=16
2026-06-30 12:57:25.905 INFO  (qtp324404955-58-null-76) [ x:nomologia t:null-76] o.a.s.c.S.Request path=/select params={facet.field=katigoria&facet.field=ypokatigoria&facet.field=organismos&hl=true&hl.fragsize=200&start=0&rows=10&hl.simple.pre=<mark>&hl.snippets=3&q=Žä&defType=edismax&hl.simple.post=</mark>&qf=titlos^3+periexomeno+katigoria^2+ypokatigoria^2+organismos^2&hl.fl=periexomeno&facet=true&wt=json} hits=580 status=0 QTime=17
2026-06-30 12:57:26.014 INFO  (qtp324404955-56-null-77) [ x:nomologia t:null-77] o.a.s.c.S.Request path=/select params={facet.field=katigoria&facet.field=ypokatigoria&facet.field=organismos&hl=true&hl.fragsize=200&start=0&rows=10&hl.simple.pre=<mark>&hl.snippets=3&q=ŽäŽā&defType=edismax&hl.simple.post=</mark>&qf=titlos^3+periexomeno+katigoria^2+ypokatigoria^2+organismos^2&hl.fl=periexomeno&facet=true&wt=json} hits=7 status=0 QTime=15
2026-06-30 12:57:26.182 INFO  (qtp324404955-60-null-78) [ x:nomologia t:null-78] o.a.s.c.S.Request path=/select params={facet.field=katigoria&facet.field=ypokatigoria&facet.field=organismos&hl=true&hl.fragsize=200&start=0&rows=10&hl.simple.pre=<mark>&hl.snippets=3&q=ŽäŽā╬╣&defType=edismax&hl.simple.post=</mark>&qf=titlos^3+periexomeno+katigoria^2+ypokatigoria^2+organismos^2&hl.fl=periexomeno&facet=true&wt=json} hits=7 status=0 QTime=26
2026-06-30 12:57:26.362 INFO  (qtp324404955-61-null-79) [ x:nomologia t:null-79] o.a.s.c.S.Request path=/select params={facet.field=katigoria&facet.field=ypokatigoria&facet.field=organismos&hl=true&hl.fragsize=200&start=0&rows=10&hl.simple.pre=<mark>&hl.snippets=3&q=ŽäŽā╬╣╬╝&defType=edismax&hl.simple.post=</mark>&qf=titlos^3+periexomeno+katigoria^2+ypokatigoria^2+organismos^2&hl.fl=periexomeno&facet=true&wt=json} hits=4 status=0 QTime=12
2026-06-30 12:57:26.436 INFO  (qtp324404955-62-null-80) [ x:nomologia t:null-80] o.a.s.c.S.Request path=/select params={facet.field=katigoria&facet.field=ypokatigoria&facet.field=organismos&hl=true&hl.fragsize=200&start=0&rows=10&hl.simple.pre=<mark>&hl.snippets=3&q=ŽäŽā╬╣╬╝╬Ą&defType=edismax&hl.simple.post=</mark>&qf=titlos^3+periexomeno+katigoria^2+ypokatigoria^2+organismos^2&hl.fl=periexomeno&facet=true&wt=json} hits=4 status=0 QTime=9
2026-06-30 12:57:26.579 INFO  (qtp324404955-63-null-81) [ x:nomologia t:null-81] o.a.s.c.S.Request path=/select params={facet.field=katigoria&facet.field=ypokatigoria&facet.field=organismos&hl=true&hl.fragsize=200&start=0&rows=10&hl.simple.pre=<mark>&hl.snippets=3&q=ŽäŽā╬╣╬╝╬Ą╬Į&defType=edismax&hl.simple.post=</mark>&qf=titlos^3+periexomeno+katigoria^2+ypokatigoria^2+organismos^2&hl.fl=periexomeno&facet=true&wt=json} hits=0 status=0 QTime=1
2026-06-30 12:57:27.058 INFO  (qtp324404955-59-null-82) [ x:nomologia t:null-82] o.a.s.c.S.Request path=/select params={facet.field=katigoria&facet.field=ypokatigoria&facet.field=organismos&hl=true&hl.fragsize=200&start=0&rows=10&hl.simple.pre=<mark>&hl.snippets=3&q=ŽäŽā╬╣╬╝╬Ą╬ĮŽä&defType=edismax&hl.simple.post=</mark>&qf=titlos^3+periexomeno+katigoria^2+ypokatigoria^2+organismos^2&hl.fl=periexomeno&facet=true&wt=json} hits=45 status=0 QTime=13
2026-06-30 12:57:27.191 INFO  (qtp324404955-85-null-83) [ x:nomologia t:null-83] o.a.s.c.S.Request path=/select params={facet.field=katigoria&facet.field=ypokatigoria&facet.field=organismos&hl=true&hl.fragsize=200&start=0&rows=10&hl.simple.pre=<mark>&hl.snippets=3&q=ŽäŽā╬╣╬╝╬Ą╬ĮŽä╬┐&defType=edismax&hl.simple.post=</mark>&qf=titlos^3+periexomeno+katigoria^2+ypokatigoria^2+organismos^2&hl.fl=periexomeno&facet=true&wt=json} hits=45 status=0 QTime=9
2026-06-30 12:57:28.043 INFO  (qtp324404955-64-null-84) [ x:nomologia t:null-84] o.a.s.c.S.Request path=/select params={facet.field=katigoria&facet.field=ypokatigoria&facet.field=organismos&hl=true&hl.fragsize=200&start=0&rows=10&hl.simple.pre=<mark>&hl.snippets=3&q=ŽäŽā╬╣╬╝╬Ą╬ĮŽä╬┐&defType=edismax&hl.simple.post=</mark>&qf=titlos^3+periexomeno+katigoria^2+ypokatigoria^2+organismos^2&hl.fl=periexomeno&facet=true&wt=json} hits=45 status=0 QTime=10
2026-06-30 12:57:28.066 INFO  (qtp324404955-86-null-85) [ x:nomologia t:null-85] o.a.s.c.S.Request path=/select params={q=*:*&facet.limit=-1&facet.pivot=katigoria,ypokatigoria&facet.mincount=1&rows=0&facet=true&wt=json} hits=1246 status=0 QTime=1
2026-06-30 12:57:28.073 INFO  (qtp324404955-94-null-86) [ x:nomologia t:null-86] o.a.s.c.S.Request path=/select params={q=*:*&facet.limit=-1&facet.field=katigoria&facet.field=ypokatigoria&facet.field=organismos&facet.mincount=1&rows=0&facet=true&wt=json} hits=1246 status=0 QTime=0
2026-06-30 12:57:38.168 INFO  (qtp324404955-57-null-87) [ x:nomologia t:null-87] o.a.s.c.S.Request path=/admin/ping params={} hits=1246 status=0 QTime=0
2026-06-30 12:57:38.168 INFO  (qtp324404955-57-null-87) [ x:nomologia t:null-87] o.a.s.c.S.Request path=/admin/ping params={} status=0 QTime=0
2026-06-30 12:57:53.231 INFO  (qtp324404955-58-null-88) [ x:nomologia t:null-88] o.a.s.c.S.Request path=/admin/ping params={} hits=1246 status=0 QTime=0
2026-06-30 12:57:53.231 INFO  (qtp324404955-58-null-88) [ x:nomologia t:null-88] o.a.s.c.S.Request path=/admin/ping params={} status=0 QTime=0
2026-06-30 12:58:08.312 INFO  (qtp324404955-56-null-89) [ x:nomologia t:null-89] o.a.s.c.S.Request path=/admin/ping params={} hits=1246 status=0 QTime=0
2026-06-30 12:58:08.312 INFO  (qtp324404955-56-null-89) [ x:nomologia t:null-89] o.a.s.c.S.Request path=/admin/ping params={} status=0 QTime=0
2026-06-30 12:58:23.378 INFO  (qtp324404955-60-null-90) [ x:nomologia t:null-90] o.a.s.c.S.Request path=/admin/ping params={} hits=1246 status=0 QTime=0
2026-06-30 12:58:23.378 INFO  (qtp324404955-60-null-90) [ x:nomologia t:null-90] o.a.s.c.S.Request path=/admin/ping params={} status=0 QTime=0
2026-06-30 12:58:38.459 INFO  (qtp324404955-61-null-91) [ x:nomologia t:null-91] o.a.s.c.S.Request path=/admin/ping params={} hits=1246 status=0 QTime=0
2026-06-30 12:58:38.459 INFO  (qtp324404955-61-null-91) [ x:nomologia t:null-91] o.a.s.c.S.Request path=/admin/ping params={} status=0 QTime=0
2026-06-30 12:58:53.512 INFO  (qtp324404955-62-null-92) [ x:nomologia t:null-92] o.a.s.c.S.Request path=/admin/ping params={} hits=1246 status=0 QTime=0
2026-06-30 12:58:53.512 INFO  (qtp324404955-62-null-92) [ x:nomologia t:null-92] o.a.s.c.S.Request path=/admin/ping params={} status=0 QTime=0
2026-06-30 12:59:08.580 INFO  (qtp324404955-63-null-93) [ x:nomologia t:null-93] o.a.s.c.S.Request path=/admin/ping params={} hits=1246 status=0 QTime=0
2026-06-30 12:59:08.580 INFO  (qtp324404955-63-null-93) [ x:nomologia t:null-93] o.a.s.c.S.Request path=/admin/ping params={} status=0 QTime=0
2026-06-30 12:59:23.652 INFO  (qtp324404955-59-null-94) [ x:nomologia t:null-94] o.a.s.c.S.Request path=/admin/ping params={} hits=1246 status=0 QTime=0
2026-06-30 12:59:23.652 INFO  (qtp324404955-59-null-94) [ x:nomologia t:null-94] o.a.s.c.S.Request path=/admin/ping params={} status=0 QTime=0
2026-06-30 12:59:38.707 INFO  (qtp324404955-85-null-95) [ x:nomologia t:null-95] o.a.s.c.S.Request path=/admin/ping params={} hits=1246 status=0 QTime=0
2026-06-30 12:59:38.707 INFO  (qtp324404955-85-null-95) [ x:nomologia t:null-95] o.a.s.c.S.Request path=/admin/ping params={} status=0 QTime=0
2026-06-30 12:59:53.816 INFO  (qtp324404955-64-null-96) [ x:nomologia t:null-96] o.a.s.c.S.Request path=/admin/ping params={} hits=1246 status=0 QTime=0
2026-06-30 12:59:53.816 INFO  (qtp324404955-64-null-96) [ x:nomologia t:null-96] o.a.s.c.S.Request path=/admin/ping params={} status=0 QTime=0
2026-06-30 13:00:08.886 INFO  (qtp324404955-86-null-97) [ x:nomologia t:null-97] o.a.s.c.S.Request path=/admin/ping params={} hits=1246 status=0 QTime=0
2026-06-30 13:00:08.886 INFO  (qtp324404955-86-null-97) [ x:nomologia t:null-97] o.a.s.c.S.Request path=/admin/ping params={} status=0 QTime=0
2026-06-30 13:00:23.946 INFO  (qtp324404955-94-null-98) [ x:nomologia t:null-98] o.a.s.c.S.Request path=/admin/ping params={} hits=1246 status=0 QTime=0
2026-06-30 13:00:23.946 INFO  (qtp324404955-94-null-98) [ x:nomologia t:null-98] o.a.s.c.S.Request path=/admin/ping params={} status=0 QTime=0
2026-06-30 13:00:39.014 INFO  (qtp324404955-57-null-99) [ x:nomologia t:null-99] o.a.s.c.S.Request path=/admin/ping params={} hits=1246 status=0 QTime=0
2026-06-30 13:00:39.014 INFO  (qtp324404955-57-null-99) [ x:nomologia t:null-99] o.a.s.c.S.Request path=/admin/ping params={} status=0 QTime=0
2026-06-30 13:00:54.075 INFO  (qtp324404955-58-null-100) [ x:nomologia t:null-100] o.a.s.c.S.Request path=/admin/ping params={} hits=1246 status=0 QTime=0
2026-06-30 13:00:54.075 INFO  (qtp324404955-58-null-100) [ x:nomologia t:null-100] o.a.s.c.S.Request path=/admin/ping params={} status=0 QTime=0
2026-06-30 13:01:09.143 INFO  (qtp324404955-56-null-101) [ x:nomologia t:null-101] o.a.s.c.S.Request path=/admin/ping params={} hits=1246 status=0 QTime=0
2026-06-30 13:01:09.143 INFO  (qtp324404955-56-null-101) [ x:nomologia t:null-101] o.a.s.c.S.Request path=/admin/ping params={} status=0 QTime=0
2026-06-30 13:01:24.215 INFO  (qtp324404955-60-null-102) [ x:nomologia t:null-102] o.a.s.c.S.Request path=/admin/ping params={} hits=1246 status=0 QTime=0
2026-06-30 13:01:24.215 INFO  (qtp324404955-60-null-102) [ x:nomologia t:null-102] o.a.s.c.S.Request path=/admin/ping params={} status=0 QTime=0
2026-06-30 13:01:39.291 INFO  (qtp324404955-61-null-103) [ x:nomologia t:null-103] o.a.s.c.S.Request path=/admin/ping params={} hits=1246 status=0 QTime=0
2026-06-30 13:01:39.291 INFO  (qtp324404955-61-null-103) [ x:nomologia t:null-103] o.a.s.c.S.Request path=/admin/ping params={} status=0 QTime=0
2026-06-30 13:01:54.345 INFO  (qtp324404955-62-null-104) [ x:nomologia t:null-104] o.a.s.c.S.Request path=/admin/ping params={} hits=1246 status=0 QTime=0
2026-06-30 13:01:54.345 INFO  (qtp324404955-62-null-104) [ x:nomologia t:null-104] o.a.s.c.S.Request path=/admin/ping params={} status=0 QTime=0
2026-06-30 13:02:09.415 INFO  (qtp324404955-63-null-105) [ x:nomologia t:null-105] o.a.s.c.S.Request path=/admin/ping params={} hits=1246 status=0 QTime=0
2026-06-30 13:02:09.415 INFO  (qtp324404955-63-null-105) [ x:nomologia t:null-105] o.a.s.c.S.Request path=/admin/ping params={} status=0 QTime=0
2026-06-30 13:02:24.480 INFO  (qtp324404955-59-null-106) [ x:nomologia t:null-106] o.a.s.c.S.Request path=/admin/ping params={} hits=1246 status=0 QTime=0
2026-06-30 13:02:24.480 INFO  (qtp324404955-59-null-106) [ x:nomologia t:null-106] o.a.s.c.S.Request path=/admin/ping params={} status=0 QTime=0
2026-06-30 13:02:39.540 INFO  (qtp324404955-85-null-107) [ x:nomologia t:null-107] o.a.s.c.S.Request path=/admin/ping params={} hits=1246 status=0 QTime=0
2026-06-30 13:02:39.540 INFO  (qtp324404955-85-null-107) [ x:nomologia t:null-107] o.a.s.c.S.Request path=/admin/ping params={} status=0 QTime=0
2026-06-30 13:02:54.611 INFO  (qtp324404955-64-null-108) [ x:nomologia t:null-108] o.a.s.c.S.Request path=/admin/ping params={} hits=1246 status=0 QTime=0
2026-06-30 13:02:54.611 INFO  (qtp324404955-64-null-108) [ x:nomologia t:null-108] o.a.s.c.S.Request path=/admin/ping params={} status=0 QTime=0
2026-06-30 13:03:09.682 INFO  (qtp324404955-86-null-109) [ x:nomologia t:null-109] o.a.s.c.S.Request path=/admin/ping params={} hits=1246 status=0 QTime=0
2026-06-30 13:03:09.682 INFO  (qtp324404955-86-null-109) [ x:nomologia t:null-109] o.a.s.c.S.Request path=/admin/ping params={} status=0 QTime=0
2026-06-30 13:03:24.748 INFO  (qtp324404955-94-null-110) [ x:nomologia t:null-110] o.a.s.c.S.Request path=/admin/ping params={} hits=1246 status=0 QTime=0
2026-06-30 13:03:24.748 INFO  (qtp324404955-94-null-110) [ x:nomologia t:null-110] o.a.s.c.S.Request path=/admin/ping params={} status=0 QTime=0
2026-06-30 13:03:39.800 INFO  (qtp324404955-57-null-111) [ x:nomologia t:null-111] o.a.s.c.S.Request path=/admin/ping params={} hits=1246 status=0 QTime=0
2026-06-30 13:03:39.800 INFO  (qtp324404955-57-null-111) [ x:nomologia t:null-111] o.a.s.c.S.Request path=/admin/ping params={} status=0 QTime=0
2026-06-30 13:03:54.855 INFO  (qtp324404955-58-null-112) [ x:nomologia t:null-112] o.a.s.c.S.Request path=/admin/ping params={} hits=1246 status=0 QTime=0
2026-06-30 13:03:54.855 INFO  (qtp324404955-58-null-112) [ x:nomologia t:null-112] o.a.s.c.S.Request path=/admin/ping params={} status=0 QTime=0
2026-06-30 13:04:09.928 INFO  (qtp324404955-56-null-113) [ x:nomologia t:null-113] o.a.s.c.S.Request path=/admin/ping params={} hits=1246 status=0 QTime=0
2026-06-30 13:04:09.928 INFO  (qtp324404955-56-null-113) [ x:nomologia t:null-113] o.a.s.c.S.Request path=/admin/ping params={} status=0 QTime=0
2026-06-30 13:04:24.993 INFO  (qtp324404955-60-null-114) [ x:nomologia t:null-114] o.a.s.c.S.Request path=/admin/ping params={} hits=1246 status=0 QTime=0
2026-06-30 13:04:24.993 INFO  (qtp324404955-60-null-114) [ x:nomologia t:null-114] o.a.s.c.S.Request path=/admin/ping params={} status=0 QTime=0
2026-06-30 13:04:40.071 INFO  (qtp324404955-93-null-115) [ x:nomologia t:null-115] o.a.s.c.S.Request path=/admin/ping params={} hits=1246 status=0 QTime=0
2026-06-30 13:04:40.071 INFO  (qtp324404955-93-null-115) [ x:nomologia t:null-115] o.a.s.c.S.Request path=/admin/ping params={} status=0 QTime=0
2026-06-30 13:04:55.145 INFO  (qtp324404955-62-null-116) [ x:nomologia t:null-116] o.a.s.c.S.Request path=/admin/ping params={} hits=1246 status=0 QTime=0
2026-06-30 13:04:55.145 INFO  (qtp324404955-62-null-116) [ x:nomologia t:null-116] o.a.s.c.S.Request path=/admin/ping params={} status=0 QTime=0
2026-06-30 13:05:10.194 INFO  (qtp324404955-63-null-117) [ x:nomologia t:null-117] o.a.s.c.S.Request path=/admin/ping params={} hits=1246 status=0 QTime=0
2026-06-30 13:05:10.194 INFO  (qtp324404955-63-null-117) [ x:nomologia t:null-117] o.a.s.c.S.Request path=/admin/ping params={} status=0 QTime=0
2026-06-30 13:05:25.256 INFO  (qtp324404955-59-null-118) [ x:nomologia t:null-118] o.a.s.c.S.Request path=/admin/ping params={} hits=1246 status=0 QTime=0
2026-06-30 13:05:25.256 INFO  (qtp324404955-59-null-118) [ x:nomologia t:null-118] o.a.s.c.S.Request path=/admin/ping params={} status=0 QTime=0
2026-06-30 13:05:40.329 INFO  (qtp324404955-85-null-119) [ x:nomologia t:null-119] o.a.s.c.S.Request path=/admin/ping params={} hits=1246 status=0 QTime=0
2026-06-30 13:05:40.329 INFO  (qtp324404955-85-null-119) [ x:nomologia t:null-119] o.a.s.c.S.Request path=/admin/ping params={} status=0 QTime=0
2026-06-30 13:05:55.399 INFO  (qtp324404955-64-null-120) [ x:nomologia t:null-120] o.a.s.c.S.Request path=/admin/ping params={} hits=1246 status=0 QTime=0
2026-06-30 13:05:55.399 INFO  (qtp324404955-64-null-120) [ x:nomologia t:null-120] o.a.s.c.S.Request path=/admin/ping params={} status=0 QTime=0
2026-06-30 13:06:10.450 INFO  (qtp324404955-86-null-121) [ x:nomologia t:null-121] o.a.s.c.S.Request path=/admin/ping params={} hits=1246 status=0 QTime=0
2026-06-30 13:06:10.451 INFO  (qtp324404955-86-null-121) [ x:nomologia t:null-121] o.a.s.c.S.Request path=/admin/ping params={} status=0 QTime=0
2026-06-30 13:06:25.508 INFO  (qtp324404955-94-null-122) [ x:nomologia t:null-122] o.a.s.c.S.Request path=/admin/ping params={} hits=1246 status=0 QTime=0
2026-06-30 13:06:25.508 INFO  (qtp324404955-94-null-122) [ x:nomologia t:null-122] o.a.s.c.S.Request path=/admin/ping params={} status=0 QTime=0
2026-06-30 13:06:40.580 INFO  (qtp324404955-57-null-123) [ x:nomologia t:null-123] o.a.s.c.S.Request path=/admin/ping params={} hits=1246 status=0 QTime=0
2026-06-30 13:06:40.581 INFO  (qtp324404955-57-null-123) [ x:nomologia t:null-123] o.a.s.c.S.Request path=/admin/ping params={} status=0 QTime=0
2026-06-30 13:06:55.636 INFO  (qtp324404955-58-null-124) [ x:nomologia t:null-124] o.a.s.c.S.Request path=/admin/ping params={} hits=1246 status=0 QTime=0
2026-06-30 13:06:55.636 INFO  (qtp324404955-58-null-124) [ x:nomologia t:null-124] o.a.s.c.S.Request path=/admin/ping params={} status=0 QTime=0
2026-06-30 13:07:10.707 INFO  (qtp324404955-56-null-125) [ x:nomologia t:null-125] o.a.s.c.S.Request path=/admin/ping params={} hits=1246 status=0 QTime=0
2026-06-30 13:07:10.707 INFO  (qtp324404955-56-null-125) [ x:nomologia t:null-125] o.a.s.c.S.Request path=/admin/ping params={} status=0 QTime=0
2026-06-30 13:07:25.811 INFO  (qtp324404955-60-null-126) [ x:nomologia t:null-126] o.a.s.c.S.Request path=/admin/ping params={} hits=1246 status=0 QTime=5
2026-06-30 13:07:25.811 INFO  (qtp324404955-60-null-126) [ x:nomologia t:null-126] o.a.s.c.S.Request path=/admin/ping params={} status=0 QTime=7
2026-06-30 13:07:40.877 INFO  (qtp324404955-93-null-127) [ x:nomologia t:null-127] o.a.s.c.S.Request path=/admin/ping params={} hits=1246 status=0 QTime=0
2026-06-30 13:07:40.877 INFO  (qtp324404955-93-null-127) [ x:nomologia t:null-127] o.a.s.c.S.Request path=/admin/ping params={} status=0 QTime=0
2026-06-30 13:07:55.935 INFO  (qtp324404955-62-null-128) [ x:nomologia t:null-128] o.a.s.c.S.Request path=/admin/ping params={} hits=1246 status=0 QTime=0
2026-06-30 13:07:55.935 INFO  (qtp324404955-62-null-128) [ x:nomologia t:null-128] o.a.s.c.S.Request path=/admin/ping params={} status=0 QTime=0
2026-06-30 13:08:11.006 INFO  (qtp324404955-63-null-129) [ x:nomologia t:null-129] o.a.s.c.S.Request path=/admin/ping params={} hits=1246 status=0 QTime=0
2026-06-30 13:08:11.006 INFO  (qtp324404955-63-null-129) [ x:nomologia t:null-129] o.a.s.c.S.Request path=/admin/ping params={} status=0 QTime=0
2026-06-30 13:08:26.089 INFO  (qtp324404955-59-null-130) [ x:nomologia t:null-130] o.a.s.c.S.Request path=/admin/ping params={} hits=1246 status=0 QTime=0
2026-06-30 13:08:26.089 INFO  (qtp324404955-59-null-130) [ x:nomologia t:null-130] o.a.s.c.S.Request path=/admin/ping params={} status=0 QTime=0
2026-06-30 13:08:41.147 INFO  (qtp324404955-85-null-131) [ x:nomologia t:null-131] o.a.s.c.S.Request path=/admin/ping params={} hits=1246 status=0 QTime=0
2026-06-30 13:08:41.147 INFO  (qtp324404955-85-null-131) [ x:nomologia t:null-131] o.a.s.c.S.Request path=/admin/ping params={} status=0 QTime=0
2026-06-30 13:08:54.234 INFO  (qtp324404955-64-null-132) [ x:nomologia t:null-132] o.a.s.c.S.Request path=/select params={facet.field=katigoria&facet.field=ypokatigoria&facet.field=organismos&hl=true&hl.fragsize=200&start=0&rows=10&hl.simple.pre=<mark>&hl.snippets=3&q=ŽäŽā╬╣╬╝╬Ą╬ĮŽä╬┐&defType=edismax&hl.simple.post=</mark>&qf=titlos^3+periexomeno+katigoria^2+ypokatigoria^2+organismos^2&hl.fl=periexomeno&facet=true&wt=json} hits=45 status=0 QTime=27
2026-06-30 13:08:54.264 INFO  (qtp324404955-86-null-133) [ x:nomologia t:null-133] o.a.s.c.S.Request path=/select params={q=*:*&facet.limit=-1&facet.pivot=katigoria,ypokatigoria&facet.mincount=1&rows=0&facet=true&wt=json} hits=1246 status=0 QTime=3
2026-06-30 13:08:54.274 INFO  (qtp324404955-94-null-134) [ x:nomologia t:null-134] o.a.s.c.S.Request path=/select params={q=*:*&facet.limit=-1&facet.field=katigoria&facet.field=ypokatigoria&facet.field=organismos&facet.mincount=1&rows=0&facet=true&wt=json} hits=1246 status=0 QTime=0
2026-06-30 13:08:56.222 INFO  (qtp324404955-57-null-135) [ x:nomologia t:null-135] o.a.s.c.S.Request path=/admin/ping params={} hits=1246 status=0 QTime=0
2026-06-30 13:08:56.223 INFO  (qtp324404955-57-null-135) [ x:nomologia t:null-135] o.a.s.c.S.Request path=/admin/ping params={} status=0 QTime=0
2026-06-30 13:09:11.282 INFO  (qtp324404955-58-null-136) [ x:nomologia t:null-136] o.a.s.c.S.Request path=/admin/ping params={} hits=1246 status=0 QTime=0
2026-06-30 13:09:11.282 INFO  (qtp324404955-58-null-136) [ x:nomologia t:null-136] o.a.s.c.S.Request path=/admin/ping params={} status=0 QTime=1
2026-06-30 13:09:26.361 INFO  (qtp324404955-61-null-137) [ x:nomologia t:null-137] o.a.s.c.S.Request path=/admin/ping params={} hits=1246 status=0 QTime=0
2026-06-30 13:09:26.362 INFO  (qtp324404955-61-null-137) [ x:nomologia t:null-137] o.a.s.c.S.Request path=/admin/ping params={} status=0 QTime=0
2026-06-30 13:09:41.443 INFO  (qtp324404955-56-null-138) [ x:nomologia t:null-138] o.a.s.c.S.Request path=/admin/ping params={} hits=1246 status=0 QTime=0
2026-06-30 13:09:41.443 INFO  (qtp324404955-56-null-138) [ x:nomologia t:null-138] o.a.s.c.S.Request path=/admin/ping params={} status=0 QTime=0
2026-06-30 13:09:41.650 INFO  (qtp324404955-60-null-139) [ x:nomologia t:null-139] o.a.s.c.S.Request path=/select params={facet.field=katigoria&facet.field=ypokatigoria&facet.field=organismos&hl=true&hl.fragsize=200&start=10&rows=10&hl.simple.pre=<mark>&hl.snippets=3&q=ŽäŽā╬╣╬╝╬Ą╬ĮŽä╬┐&defType=edismax&hl.simple.post=</mark>&qf=titlos^3+periexomeno+katigoria^2+ypokatigoria^2+organismos^2&hl.fl=periexomeno&facet=true&wt=json} hits=45 status=0 QTime=43
2026-06-30 13:09:56.519 INFO  (qtp324404955-93-null-140) [ x:nomologia t:null-140] o.a.s.c.S.Request path=/admin/ping params={} hits=1246 status=0 QTime=0
2026-06-30 13:09:56.519 INFO  (qtp324404955-93-null-140) [ x:nomologia t:null-140] o.a.s.c.S.Request path=/admin/ping params={} status=0 QTime=0
2026-06-30 13:10:01.897 INFO  (qtp324404955-62-null-141) [ x:nomologia t:null-141] o.a.s.c.S.Request path=/select params={facet.field=katigoria&facet.field=ypokatigoria&facet.field=organismos&hl=true&hl.fragsize=200&start=0&rows=10&hl.simple.pre=<mark>&hl.snippets=3&q=ŽäŽā╬╣╬╝╬Ą╬ĮŽä╬┐&defType=edismax&hl.simple.post=</mark>&qf=titlos^3+periexomeno+katigoria^2+ypokatigoria^2+organismos^2&hl.fl=periexomeno&facet=true&wt=json} hits=45 status=0 QTime=15
2026-06-30 13:10:11.585 INFO  (qtp324404955-98-null-142) [ x:nomologia t:null-142] o.a.s.c.S.Request path=/admin/ping params={} hits=1246 status=0 QTime=0
2026-06-30 13:10:11.585 INFO  (qtp324404955-98-null-142) [ x:nomologia t:null-142] o.a.s.c.S.Request path=/admin/ping params={} status=0 QTime=0
2026-06-30 13:10:26.652 INFO  (qtp324404955-63-null-143) [ x:nomologia t:null-143] o.a.s.c.S.Request path=/admin/ping params={} hits=1246 status=0 QTime=0
2026-06-30 13:10:26.652 INFO  (qtp324404955-63-null-143) [ x:nomologia t:null-143] o.a.s.c.S.Request path=/admin/ping params={} status=0 QTime=0
2026-06-30 13:10:41.729 INFO  (qtp324404955-59-null-144) [ x:nomologia t:null-144] o.a.s.c.S.Request path=/admin/ping params={} hits=1246 status=0 QTime=0
2026-06-30 13:10:41.729 INFO  (qtp324404955-59-null-144) [ x:nomologia t:null-144] o.a.s.c.S.Request path=/admin/ping params={} status=0 QTime=0
2026-06-30 13:10:56.788 INFO  (qtp324404955-85-null-145) [ x:nomologia t:null-145] o.a.s.c.S.Request path=/admin/ping params={} hits=1246 status=0 QTime=0
2026-06-30 13:10:56.788 INFO  (qtp324404955-85-null-145) [ x:nomologia t:null-145] o.a.s.c.S.Request path=/admin/ping params={} status=0 QTime=0
2026-06-30 13:11:11.847 INFO  (qtp324404955-86-null-146) [ x:nomologia t:null-146] o.a.s.c.S.Request path=/admin/ping params={} hits=1246 status=0 QTime=0
2026-06-30 13:11:11.847 INFO  (qtp324404955-86-null-146) [ x:nomologia t:null-146] o.a.s.c.S.Request path=/admin/ping params={} status=0 QTime=0
2026-06-30 13:11:26.906 INFO  (qtp324404955-64-null-147) [ x:nomologia t:null-147] o.a.s.c.S.Request path=/admin/ping params={} hits=1246 status=0 QTime=0
2026-06-30 13:11:26.906 INFO  (qtp324404955-64-null-147) [ x:nomologia t:null-147] o.a.s.c.S.Request path=/admin/ping params={} status=0 QTime=0
2026-06-30 13:11:41.961 INFO  (qtp324404955-57-null-148) [ x:nomologia t:null-148] o.a.s.c.S.Request path=/admin/ping params={} hits=1246 status=0 QTime=0
2026-06-30 13:11:41.961 INFO  (qtp324404955-57-null-148) [ x:nomologia t:null-148] o.a.s.c.S.Request path=/admin/ping params={} status=0 QTime=0
2026-06-30 13:11:57.007 INFO  (qtp324404955-58-null-149) [ x:nomologia t:null-149] o.a.s.c.S.Request path=/admin/ping params={} hits=1246 status=0 QTime=0
2026-06-30 13:11:57.007 INFO  (qtp324404955-58-null-149) [ x:nomologia t:null-149] o.a.s.c.S.Request path=/admin/ping params={} status=0 QTime=0
2026-06-30 13:12:12.070 INFO  (qtp324404955-94-null-150) [ x:nomologia t:null-150] o.a.s.c.S.Request path=/admin/ping params={} hits=1246 status=0 QTime=0
2026-06-30 13:12:12.071 INFO  (qtp324404955-94-null-150) [ x:nomologia t:null-150] o.a.s.c.S.Request path=/admin/ping params={} status=0 QTime=0
2026-06-30 13:12:27.146 INFO  (qtp324404955-56-null-151) [ x:nomologia t:null-151] o.a.s.c.S.Request path=/admin/ping params={} hits=1246 status=0 QTime=1
2026-06-30 13:12:27.146 INFO  (qtp324404955-56-null-151) [ x:nomologia t:null-151] o.a.s.c.S.Request path=/admin/ping params={} status=0 QTime=1
2026-06-30 13:12:42.211 INFO  (qtp324404955-93-null-152) [ x:nomologia t:null-152] o.a.s.c.S.Request path=/admin/ping params={} hits=1246 status=0 QTime=0
2026-06-30 13:12:42.212 INFO  (qtp324404955-93-null-152) [ x:nomologia t:null-152] o.a.s.c.S.Request path=/admin/ping params={} status=0 QTime=0
2026-06-30 13:12:57.272 INFO  (qtp324404955-61-null-153) [ x:nomologia t:null-153] o.a.s.c.S.Request path=/admin/ping params={} hits=1246 status=0 QTime=0
2026-06-30 13:12:57.272 INFO  (qtp324404955-61-null-153) [ x:nomologia t:null-153] o.a.s.c.S.Request path=/admin/ping params={} status=0 QTime=0
2026-06-30 13:13:12.352 INFO  (qtp324404955-62-null-154) [ x:nomologia t:null-154] o.a.s.c.S.Request path=/admin/ping params={} hits=1246 status=0 QTime=0
2026-06-30 13:13:12.353 INFO  (qtp324404955-62-null-154) [ x:nomologia t:null-154] o.a.s.c.S.Request path=/admin/ping params={} status=0 QTime=0
2026-06-30 13:13:27.410 INFO  (qtp324404955-60-null-155) [ x:nomologia t:null-155] o.a.s.c.S.Request path=/admin/ping params={} hits=1246 status=0 QTime=0
2026-06-30 13:13:27.410 INFO  (qtp324404955-60-null-155) [ x:nomologia t:null-155] o.a.s.c.S.Request path=/admin/ping params={} status=0 QTime=0
2026-06-30 13:13:42.477 INFO  (qtp324404955-98-null-156) [ x:nomologia t:null-156] o.a.s.c.S.Request path=/admin/ping params={} hits=1246 status=0 QTime=0
2026-06-30 13:13:42.477 INFO  (qtp324404955-98-null-156) [ x:nomologia t:null-156] o.a.s.c.S.Request path=/admin/ping params={} status=0 QTime=0
2026-06-30 13:13:57.163 INFO  (qtp324404955-63-null-157) [ x:nomologia t:null-157] o.a.s.c.S.Request path=/select params={hl.snippets=3&q=Žä╬┐ŽŹ╬▓╬╗╬┐&defType=edismax&hl=true&hl.simple.post=&qf=titlos^3+periexomeno&fl=id,titlos,katigoria,periexomeno,pdf_path,arithmos&hl.fragsize=300&hl.fl=periexomeno&rows=5&wt=json&hl.simple.pre=} hits=17 status=0 QTime=27
2026-06-30 13:13:57.542 INFO  (qtp324404955-85-null-158) [ x:nomologia t:null-158] o.a.s.c.S.Request path=/admin/ping params={} hits=1246 status=0 QTime=0
2026-06-30 13:13:57.542 INFO  (qtp324404955-85-null-158) [ x:nomologia t:null-158] o.a.s.c.S.Request path=/admin/ping params={} status=0 QTime=0
2026-06-30 13:14:12.596 INFO  (qtp324404955-59-null-159) [ x:nomologia t:null-159] o.a.s.c.S.Request path=/admin/ping params={} hits=1246 status=0 QTime=0
2026-06-30 13:14:12.596 INFO  (qtp324404955-59-null-159) [ x:nomologia t:null-159] o.a.s.c.S.Request path=/admin/ping params={} status=0 QTime=0
2026-06-30 13:14:27.654 INFO  (qtp324404955-86-null-160) [ x:nomologia t:null-160] o.a.s.c.S.Request path=/admin/ping params={} hits=1246 status=0 QTime=0
2026-06-30 13:14:27.654 INFO  (qtp324404955-86-null-160) [ x:nomologia t:null-160] o.a.s.c.S.Request path=/admin/ping params={} status=0 QTime=0
2026-06-30 13:14:42.710 INFO  (qtp324404955-57-null-161) [ x:nomologia t:null-161] o.a.s.c.S.Request path=/admin/ping params={} hits=1246 status=0 QTime=0
2026-06-30 13:14:42.710 INFO  (qtp324404955-57-null-161) [ x:nomologia t:null-161] o.a.s.c.S.Request path=/admin/ping params={} status=0 QTime=0
2026-06-30 13:14:57.785 INFO  (qtp324404955-58-null-162) [ x:nomologia t:null-162] o.a.s.c.S.Request path=/admin/ping params={} hits=1246 status=0 QTime=0
2026-06-30 13:14:57.785 INFO  (qtp324404955-58-null-162) [ x:nomologia t:null-162] o.a.s.c.S.Request path=/admin/ping params={} status=0 QTime=0
2026-06-30 13:15:12.858 INFO  (qtp324404955-64-null-163) [ x:nomologia t:null-163] o.a.s.c.S.Request path=/admin/ping params={} hits=1246 status=0 QTime=0
2026-06-30 13:15:12.858 INFO  (qtp324404955-64-null-163) [ x:nomologia t:null-163] o.a.s.c.S.Request path=/admin/ping params={} status=0 QTime=0
2026-06-30 13:15:27.922 INFO  (qtp324404955-56-null-164) [ x:nomologia t:null-164] o.a.s.c.S.Request path=/admin/ping params={} hits=1246 status=0 QTime=0
2026-06-30 13:15:27.922 INFO  (qtp324404955-56-null-164) [ x:nomologia t:null-164] o.a.s.c.S.Request path=/admin/ping params={} status=0 QTime=0
2026-06-30 13:15:42.983 INFO  (qtp324404955-61-null-165) [ x:nomologia t:null-165] o.a.s.c.S.Request path=/admin/ping params={} hits=1246 status=0 QTime=0
2026-06-30 13:15:42.983 INFO  (qtp324404955-61-null-165) [ x:nomologia t:null-165] o.a.s.c.S.Request path=/admin/ping params={} status=0 QTime=0
2026-06-30 13:15:58.060 INFO  (qtp324404955-62-null-166) [ x:nomologia t:null-166] o.a.s.c.S.Request path=/admin/ping params={} hits=1246 status=0 QTime=0
2026-06-30 13:15:58.060 INFO  (qtp324404955-62-null-166) [ x:nomologia t:null-166] o.a.s.c.S.Request path=/admin/ping params={} status=0 QTime=0
2026-06-30 13:16:13.120 INFO  (qtp324404955-94-null-167) [ x:nomologia t:null-167] o.a.s.c.S.Request path=/admin/ping params={} hits=1246 status=0 QTime=0
2026-06-30 13:16:13.120 INFO  (qtp324404955-94-null-167) [ x:nomologia t:null-167] o.a.s.c.S.Request path=/admin/ping params={} status=0 QTime=0
2026-06-30 13:16:28.188 INFO  (qtp324404955-93-null-168) [ x:nomologia t:null-168] o.a.s.c.S.Request path=/admin/ping params={} hits=1246 status=0 QTime=0
2026-06-30 13:16:28.188 INFO  (qtp324404955-93-null-168) [ x:nomologia t:null-168] o.a.s.c.S.Request path=/admin/ping params={} status=0 QTime=0
2026-06-30 13:16:43.254 INFO  (qtp324404955-60-null-169) [ x:nomologia t:null-169] o.a.s.c.S.Request path=/admin/ping params={} hits=1246 status=0 QTime=0
2026-06-30 13:16:43.254 INFO  (qtp324404955-60-null-169) [ x:nomologia t:null-169] o.a.s.c.S.Request path=/admin/ping params={} status=0 QTime=0
2026-06-30 13:16:58.321 INFO  (qtp324404955-98-null-170) [ x:nomologia t:null-170] o.a.s.c.S.Request path=/admin/ping params={} hits=1246 status=0 QTime=0
2026-06-30 13:16:58.321 INFO  (qtp324404955-98-null-170) [ x:nomologia t:null-170] o.a.s.c.S.Request path=/admin/ping params={} status=0 QTime=0
2026-06-30 13:17:13.389 INFO  (qtp324404955-85-null-171) [ x:nomologia t:null-171] o.a.s.c.S.Request path=/admin/ping params={} hits=1246 status=0 QTime=0
2026-06-30 13:17:13.389 INFO  (qtp324404955-85-null-171) [ x:nomologia t:null-171] o.a.s.c.S.Request path=/admin/ping params={} status=0 QTime=0
2026-06-30 13:17:28.593 INFO  (qtp324404955-63-null-172) [ x:nomologia t:null-172] o.a.s.c.S.Request path=/admin/ping params={} hits=1246 status=0 QTime=0
2026-06-30 13:17:28.593 INFO  (qtp324404955-63-null-172) [ x:nomologia t:null-172] o.a.s.c.S.Request path=/admin/ping params={} status=0 QTime=0
2026-06-30 13:17:43.679 INFO  (qtp324404955-86-null-173) [ x:nomologia t:null-173] o.a.s.c.S.Request path=/admin/ping params={} hits=1246 status=0 QTime=0
2026-06-30 13:17:43.680 INFO  (qtp324404955-86-null-173) [ x:nomologia t:null-173] o.a.s.c.S.Request path=/admin/ping params={} status=0 QTime=0
2026-06-30 13:17:58.764 INFO  (qtp324404955-57-null-174) [ x:nomologia t:null-174] o.a.s.c.S.Request path=/admin/ping params={} hits=1246 status=0 QTime=0
2026-06-30 13:17:58.764 INFO  (qtp324404955-57-null-174) [ x:nomologia t:null-174] o.a.s.c.S.Request path=/admin/ping params={} status=0 QTime=0
2026-06-30 13:18:13.838 INFO  (qtp324404955-59-null-175) [ x:nomologia t:null-175] o.a.s.c.S.Request path=/admin/ping params={} hits=1246 status=0 QTime=0
2026-06-30 13:18:13.838 INFO  (qtp324404955-59-null-175) [ x:nomologia t:null-175] o.a.s.c.S.Request path=/admin/ping params={} status=0 QTime=0
2026-06-30 13:18:28.909 INFO  (qtp324404955-64-null-176) [ x:nomologia t:null-176] o.a.s.c.S.Request path=/admin/ping params={} hits=1246 status=0 QTime=0
2026-06-30 13:18:28.909 INFO  (qtp324404955-64-null-176) [ x:nomologia t:null-176] o.a.s.c.S.Request path=/admin/ping params={} status=0 QTime=0
2026-06-30 13:18:43.977 INFO  (qtp324404955-58-null-177) [ x:nomologia t:null-177] o.a.s.c.S.Request path=/admin/ping params={} hits=1246 status=0 QTime=0
2026-06-30 13:18:43.977 INFO  (qtp324404955-58-null-177) [ x:nomologia t:null-177] o.a.s.c.S.Request path=/admin/ping params={} status=0 QTime=0
2026-06-30 13:18:59.040 INFO  (qtp324404955-56-null-178) [ x:nomologia t:null-178] o.a.s.c.S.Request path=/admin/ping params={} hits=1246 status=0 QTime=0
2026-06-30 13:18:59.040 INFO  (qtp324404955-56-null-178) [ x:nomologia t:null-178] o.a.s.c.S.Request path=/admin/ping params={} status=0 QTime=0
2026-06-30 13:19:14.112 INFO  (qtp324404955-94-null-179) [ x:nomologia t:null-179] o.a.s.c.S.Request path=/admin/ping params={} hits=1246 status=0 QTime=0
2026-06-30 13:19:14.112 INFO  (qtp324404955-94-null-179) [ x:nomologia t:null-179] o.a.s.c.S.Request path=/admin/ping params={} status=0 QTime=0
2026-06-30 13:19:29.187 INFO  (qtp324404955-93-null-180) [ x:nomologia t:null-180] o.a.s.c.S.Request path=/admin/ping params={} hits=1246 status=0 QTime=0
2026-06-30 13:19:29.187 INFO  (qtp324404955-93-null-180) [ x:nomologia t:null-180] o.a.s.c.S.Request path=/admin/ping params={} status=0 QTime=0
2026-06-30 13:19:44.279 INFO  (qtp324404955-62-null-181) [ x:nomologia t:null-181] o.a.s.c.S.Request path=/admin/ping params={} hits=1246 status=0 QTime=0
2026-06-30 13:19:44.279 INFO  (qtp324404955-62-null-181) [ x:nomologia t:null-181] o.a.s.c.S.Request path=/admin/ping params={} status=0 QTime=0
2026-06-30 13:19:59.355 INFO  (qtp324404955-61-null-182) [ x:nomologia t:null-182] o.a.s.c.S.Request path=/admin/ping params={} hits=1246 status=0 QTime=0
2026-06-30 13:19:59.355 INFO  (qtp324404955-61-null-182) [ x:nomologia t:null-182] o.a.s.c.S.Request path=/admin/ping params={} status=0 QTime=0
2026-06-30 13:20:14.413 INFO  (qtp324404955-98-null-183) [ x:nomologia t:null-183] o.a.s.c.S.Request path=/admin/ping params={} hits=1246 status=0 QTime=0
2026-06-30 13:20:14.413 INFO  (qtp324404955-98-null-183) [ x:nomologia t:null-183] o.a.s.c.S.Request path=/admin/ping params={} status=0 QTime=0
2026-06-30 13:20:29.479 INFO  (qtp324404955-60-null-184) [ x:nomologia t:null-184] o.a.s.c.S.Request path=/admin/ping params={} hits=1246 status=0 QTime=0
2026-06-30 13:20:29.479 INFO  (qtp324404955-60-null-184) [ x:nomologia t:null-184] o.a.s.c.S.Request path=/admin/ping params={} status=0 QTime=0
2026-06-30 13:20:44.557 INFO  (qtp324404955-85-null-185) [ x:nomologia t:null-185] o.a.s.c.S.Request path=/admin/ping params={} hits=1246 status=0 QTime=0
2026-06-30 13:20:44.558 INFO  (qtp324404955-85-null-185) [ x:nomologia t:null-185] o.a.s.c.S.Request path=/admin/ping params={} status=0 QTime=1
2026-06-30 13:20:59.634 INFO  (qtp324404955-86-null-186) [ x:nomologia t:null-186] o.a.s.c.S.Request path=/admin/ping params={} hits=1246 status=0 QTime=0
2026-06-30 13:20:59.634 INFO  (qtp324404955-86-null-186) [ x:nomologia t:null-186] o.a.s.c.S.Request path=/admin/ping params={} status=0 QTime=0
2026-06-30 13:21:14.699 INFO  (qtp324404955-57-null-187) [ x:nomologia t:null-187] o.a.s.c.S.Request path=/admin/ping params={} hits=1246 status=0 QTime=0
2026-06-30 13:21:14.699 INFO  (qtp324404955-57-null-187) [ x:nomologia t:null-187] o.a.s.c.S.Request path=/admin/ping params={} status=0 QTime=0
2026-06-30 13:21:29.764 INFO  (qtp324404955-63-null-188) [ x:nomologia t:null-188] o.a.s.c.S.Request path=/admin/ping params={} hits=1246 status=0 QTime=0
2026-06-30 13:21:29.764 INFO  (qtp324404955-63-null-188) [ x:nomologia t:null-188] o.a.s.c.S.Request path=/admin/ping params={} status=0 QTime=0
2026-06-30 13:21:44.837 INFO  (qtp324404955-64-null-189) [ x:nomologia t:null-189] o.a.s.c.S.Request path=/admin/ping params={} hits=1246 status=0 QTime=0
2026-06-30 13:21:44.837 INFO  (qtp324404955-64-null-189) [ x:nomologia t:null-189] o.a.s.c.S.Request path=/admin/ping params={} status=0 QTime=0
2026-06-30 13:21:56.004 INFO  (qtp324404955-59-null-190) [ x:nomologia t:null-190] o.a.s.c.S.Request path=/select params={hl.snippets=3&q=Žä╬┐ŽŹ╬▓╬╗╬┐&defType=edismax&hl=true&hl.simple.post=&qf=titlos^3+periexomeno&fl=id,titlos,katigoria,periexomeno,pdf_path,arithmos&hl.fragsize=300&hl.fl=periexomeno&rows=5&wt=json&hl.simple.pre=} hits=17 status=0 QTime=10
2026-06-30 13:21:59.954 INFO  (qtp324404955-58-null-191) [ x:nomologia t:null-191] o.a.s.c.S.Request path=/admin/ping params={} hits=1246 status=0 QTime=0
2026-06-30 13:21:59.954 INFO  (qtp324404955-58-null-191) [ x:nomologia t:null-191] o.a.s.c.S.Request path=/admin/ping params={} status=0 QTime=0
2026-06-30 13:22:15.035 INFO  (qtp324404955-56-null-192) [ x:nomologia t:null-192] o.a.s.c.S.Request path=/admin/ping params={} hits=1246 status=0 QTime=1
2026-06-30 13:22:15.035 INFO  (qtp324404955-56-null-192) [ x:nomologia t:null-192] o.a.s.c.S.Request path=/admin/ping params={} status=0 QTime=1
2026-06-30 13:22:30.101 INFO  (qtp324404955-62-null-193) [ x:nomologia t:null-193] o.a.s.c.S.Request path=/admin/ping params={} hits=1246 status=0 QTime=0
2026-06-30 13:22:30.101 INFO  (qtp324404955-62-null-193) [ x:nomologia t:null-193] o.a.s.c.S.Request path=/admin/ping params={} status=0 QTime=0
2026-06-30 13:22:45.172 INFO  (qtp324404955-61-null-194) [ x:nomologia t:null-194] o.a.s.c.S.Request path=/admin/ping params={} hits=1246 status=0 QTime=0
2026-06-30 13:22:45.172 INFO  (qtp324404955-61-null-194) [ x:nomologia t:null-194] o.a.s.c.S.Request path=/admin/ping params={} status=0 QTime=0
2026-06-30 13:23:00.243 INFO  (qtp324404955-94-null-195) [ x:nomologia t:null-195] o.a.s.c.S.Request path=/admin/ping params={} hits=1246 status=0 QTime=0
2026-06-30 13:23:00.243 INFO  (qtp324404955-94-null-195) [ x:nomologia t:null-195] o.a.s.c.S.Request path=/admin/ping params={} status=0 QTime=0
2026-06-30 13:23:15.303 INFO  (qtp324404955-98-null-196) [ x:nomologia t:null-196] o.a.s.c.S.Request path=/admin/ping params={} hits=1246 status=0 QTime=0
2026-06-30 13:23:15.303 INFO  (qtp324404955-98-null-196) [ x:nomologia t:null-196] o.a.s.c.S.Request path=/admin/ping params={} status=0 QTime=0
2026-06-30 13:23:30.369 INFO  (qtp324404955-93-null-197) [ x:nomologia t:null-197] o.a.s.c.S.Request path=/admin/ping params={} hits=1246 status=0 QTime=0
2026-06-30 13:23:30.369 INFO  (qtp324404955-93-null-197) [ x:nomologia t:null-197] o.a.s.c.S.Request path=/admin/ping params={} status=0 QTime=0
2026-06-30 13:23:45.425 INFO  (qtp324404955-85-null-198) [ x:nomologia t:null-198] o.a.s.c.S.Request path=/admin/ping params={} hits=1246 status=0 QTime=0
2026-06-30 13:23:45.425 INFO  (qtp324404955-85-null-198) [ x:nomologia t:null-198] o.a.s.c.S.Request path=/admin/ping params={} status=0 QTime=0
2026-06-30 13:24:00.479 INFO  (qtp324404955-86-null-199) [ x:nomologia t:null-199] o.a.s.c.S.Request path=/admin/ping params={} hits=1246 status=0 QTime=0
2026-06-30 13:24:00.480 INFO  (qtp324404955-86-null-199) [ x:nomologia t:null-199] o.a.s.c.S.Request path=/admin/ping params={} status=0 QTime=0
2026-06-30 13:24:15.550 INFO  (qtp324404955-60-null-200) [ x:nomologia t:null-200] o.a.s.c.S.Request path=/admin/ping params={} hits=1246 status=0 QTime=0
2026-06-30 13:24:15.550 INFO  (qtp324404955-60-null-200) [ x:nomologia t:null-200] o.a.s.c.S.Request path=/admin/ping params={} status=0 QTime=0
2026-06-30 13:24:30.614 INFO  (qtp324404955-63-null-201) [ x:nomologia t:null-201] o.a.s.c.S.Request path=/admin/ping params={} hits=1246 status=0 QTime=0
2026-06-30 13:24:30.614 INFO  (qtp324404955-63-null-201) [ x:nomologia t:null-201] o.a.s.c.S.Request path=/admin/ping params={} status=0 QTime=0
2026-06-30 13:24:45.679 INFO  (qtp324404955-57-null-202) [ x:nomologia t:null-202] o.a.s.c.S.Request path=/admin/ping params={} hits=1246 status=0 QTime=0
2026-06-30 13:24:45.679 INFO  (qtp324404955-57-null-202) [ x:nomologia t:null-202] o.a.s.c.S.Request path=/admin/ping params={} status=0 QTime=0
2026-06-30 13:25:00.743 INFO  (qtp324404955-64-null-203) [ x:nomologia t:null-203] o.a.s.c.S.Request path=/admin/ping params={} hits=1246 status=0 QTime=0
2026-06-30 13:25:00.744 INFO  (qtp324404955-64-null-203) [ x:nomologia t:null-203] o.a.s.c.S.Request path=/admin/ping params={} status=0 QTime=0
2026-06-30 13:25:15.817 INFO  (qtp324404955-59-null-204) [ x:nomologia t:null-204] o.a.s.c.S.Request path=/admin/ping params={} hits=1246 status=0 QTime=0
2026-06-30 13:25:15.817 INFO  (qtp324404955-59-null-204) [ x:nomologia t:null-204] o.a.s.c.S.Request path=/admin/ping params={} status=0 QTime=0
2026-06-30 13:25:30.879 INFO  (qtp324404955-58-null-205) [ x:nomologia t:null-205] o.a.s.c.S.Request path=/admin/ping params={} hits=1246 status=0 QTime=0
2026-06-30 13:25:30.879 INFO  (qtp324404955-58-null-205) [ x:nomologia t:null-205] o.a.s.c.S.Request path=/admin/ping params={} status=0 QTime=0
2026-06-30 13:25:45.944 INFO  (qtp324404955-56-null-206) [ x:nomologia t:null-206] o.a.s.c.S.Request path=/admin/ping params={} hits=1246 status=0 QTime=0
2026-06-30 13:25:45.944 INFO  (qtp324404955-56-null-206) [ x:nomologia t:null-206] o.a.s.c.S.Request path=/admin/ping params={} status=0 QTime=0
2026-06-30 13:25:53.566 INFO  (qtp324404955-94-null-207) [ x:nomologia t:null-207] o.a.s.c.S.Request path=/select params={hl.snippets=3&q=╬║╬▒Žä╬┐╬╣╬║╬»╬▒+╬Ą╬Į╬ĄŽü╬│╬Ą╬╣╬▒╬║╬«+╬▒ŽĆŽī╬┤╬┐Žā╬Ę&defType=edismax&hl=true&hl.simple.post=&qf=titlos^3+periexomeno&fl=id,titlos,katigoria,periexomeno,pdf_path,arithmos&hl.fragsize=300&hl.fl=periexomeno&rows=5&wt=json&hl.simple.pre=} hits=261 status=0 QTime=230
2026-06-30 13:26:01.023 INFO  (qtp324404955-62-null-208) [ x:nomologia t:null-208] o.a.s.c.S.Request path=/admin/ping params={} hits=1246 status=0 QTime=0
2026-06-30 13:26:01.023 INFO  (qtp324404955-62-null-208) [ x:nomologia t:null-208] o.a.s.c.S.Request path=/admin/ping params={} status=0 QTime=0
2026-06-30 13:26:16.103 INFO  (qtp324404955-93-null-209) [ x:nomologia t:null-209] o.a.s.c.S.Request path=/admin/ping params={} hits=1246 status=0 QTime=0
2026-06-30 13:26:16.103 INFO  (qtp324404955-93-null-209) [ x:nomologia t:null-209] o.a.s.c.S.Request path=/admin/ping params={} status=0 QTime=0
2026-06-30 13:26:31.168 INFO  (qtp324404955-98-null-210) [ x:nomologia t:null-210] o.a.s.c.S.Request path=/admin/ping params={} hits=1246 status=0 QTime=0
2026-06-30 13:26:31.168 INFO  (qtp324404955-98-null-210) [ x:nomologia t:null-210] o.a.s.c.S.Request path=/admin/ping params={} status=0 QTime=0
2026-06-30 13:26:46.221 INFO  (qtp324404955-85-null-211) [ x:nomologia t:null-211] o.a.s.c.S.Request path=/admin/ping params={} hits=1246 status=0 QTime=0
2026-06-30 13:26:46.221 INFO  (qtp324404955-85-null-211) [ x:nomologia t:null-211] o.a.s.c.S.Request path=/admin/ping params={} status=0 QTime=0
2026-06-30 13:26:52.014 INFO  (qtp324404955-86-null-212) [ x:nomologia t:null-212] o.a.s.c.S.Request path=/select params={facet.field=katigoria&facet.field=ypokatigoria&facet.field=organismos&hl=true&hl.fragsize=200&start=0&rows=10&hl.simple.pre=<mark>&hl.snippets=3&q=*:*&defType=edismax&hl.simple.post=</mark>&qf=titlos^3+periexomeno+katigoria^2+ypokatigoria^2+organismos^2&hl.fl=periexomeno&facet=true&wt=json} hits=1246 status=0 QTime=22
2026-06-30 13:26:52.081 INFO  (qtp324404955-61-null-213) [ x:nomologia t:null-213] o.a.s.c.S.Request path=/select params={q=*:*&facet.limit=-1&facet.pivot=katigoria,ypokatigoria&facet.mincount=1&rows=0&facet=true&wt=json} hits=1246 status=0 QTime=6
2026-06-30 13:26:52.092 INFO  (qtp324404955-63-null-214) [ x:nomologia t:null-214] o.a.s.c.S.Request path=/select params={q=*:*&facet.limit=-1&facet.field=katigoria&facet.field=ypokatigoria&facet.field=organismos&facet.mincount=1&rows=0&facet=true&wt=json} hits=1246 status=0 QTime=1
2026-06-30 13:26:55.293 INFO  (qtp324404955-60-null-215) [ x:nomologia t:null-215] o.a.s.c.S.Request path=/select params={facet.field=katigoria&facet.field=ypokatigoria&facet.field=organismos&hl=true&hl.fragsize=200&start=0&rows=10&hl.simple.pre=<mark>&hl.snippets=3&q=ŽāŽĆ╬╣Žä╬╣+╬╝╬┐Žģ+╬Ą╬Į╬ĄŽü╬│╬Ą╬╣╬▒╬║╬┐&defType=edismax&hl.simple.post=</mark>&qf=titlos^3+periexomeno+katigoria^2+ypokatigoria^2+organismos^2&hl.fl=periexomeno&facet=true&wt=json} hits=201 status=0 QTime=108
2026-06-30 13:27:01.288 INFO  (qtp324404955-57-null-216) [ x:nomologia t:null-216] o.a.s.c.S.Request path=/admin/ping params={} hits=1246 status=0 QTime=0
2026-06-30 13:27:01.288 INFO  (qtp324404955-57-null-216) [ x:nomologia t:null-216] o.a.s.c.S.Request path=/admin/ping params={} status=0 QTime=0
2026-06-30 13:27:16.342 INFO  (qtp324404955-64-null-217) [ x:nomologia t:null-217] o.a.s.c.S.Request path=/admin/ping params={} hits=1246 status=0 QTime=0
2026-06-30 13:27:16.342 INFO  (qtp324404955-64-null-217) [ x:nomologia t:null-217] o.a.s.c.S.Request path=/admin/ping params={} status=0 QTime=0
2026-06-30 13:27:27.059 INFO  (qtp324404955-59-null-218) [ x:nomologia t:null-218] o.a.s.c.S.Request path=/select params={facet.field=katigoria&facet.field=ypokatigoria&facet.field=organismos&hl=true&hl.fragsize=200&start=0&rows=10&hl.simple.pre=<mark>&hl.snippets=3&q=╬Ą╬Į╬ĄŽü╬│╬Ą╬╣╬▒╬║╬┐&defType=edismax&hl.simple.post=</mark>&qf=titlos^3+periexomeno+katigoria^2+ypokatigoria^2+organismos^2&hl.fl=periexomeno&facet=true&wt=json} hits=129 status=0 QTime=92
2026-06-30 13:27:31.417 INFO  (qtp324404955-58-null-219) [ x:nomologia t:null-219] o.a.s.c.S.Request path=/admin/ping params={} hits=1246 status=0 QTime=0
2026-06-30 13:27:31.417 INFO  (qtp324404955-58-null-219) [ x:nomologia t:null-219] o.a.s.c.S.Request path=/admin/ping params={} status=0 QTime=0
2026-06-30 13:27:46.478 INFO  (qtp324404955-62-null-220) [ x:nomologia t:null-220] o.a.s.c.S.Request path=/admin/ping params={} hits=1246 status=0 QTime=0
2026-06-30 13:27:46.478 INFO  (qtp324404955-62-null-220) [ x:nomologia t:null-220] o.a.s.c.S.Request path=/admin/ping params={} status=0 QTime=0
2026-06-30 13:28:01.534 INFO  (qtp324404955-56-null-221) [ x:nomologia t:null-221] o.a.s.c.S.Request path=/admin/ping params={} hits=1246 status=0 QTime=0
2026-06-30 13:28:01.534 INFO  (qtp324404955-56-null-221) [ x:nomologia t:null-221] o.a.s.c.S.Request path=/admin/ping params={} status=0 QTime=0
2026-06-30 13:28:07.006 INFO  (qtp324404955-94-null-222) [ x:nomologia t:null-222] o.a.s.c.S.Request path=/select params={facet.field=katigoria&facet.field=ypokatigoria&facet.field=organismos&hl=true&hl.fragsize=200&start=0&rows=10&hl.simple.pre=<mark>&hl.snippets=3&q=*:*&defType=edismax&hl.simple.post=</mark>&qf=titlos^3+periexomeno+katigoria^2+ypokatigoria^2+organismos^2&hl.fl=periexomeno&facet=true&wt=json} hits=1246 status=0 QTime=21
2026-06-30 13:28:10.119 INFO  (qtp324404955-98-null-223) [ x:nomologia t:null-223] o.a.s.c.S.Request path=/select params={facet.field=katigoria&facet.field=ypokatigoria&facet.field=organismos&hl=true&hl.fragsize=200&start=20&rows=10&hl.simple.pre=<mark>&hl.snippets=3&q=*:*&defType=edismax&hl.simple.post=</mark>&qf=titlos^3+periexomeno+katigoria^2+ypokatigoria^2+organismos^2&hl.fl=periexomeno&facet=true&wt=json} hits=1246 status=0 QTime=35
2026-06-30 13:28:11.629 INFO  (qtp324404955-85-null-224) [ x:nomologia t:null-224] o.a.s.c.S.Request path=/select params={facet.field=katigoria&facet.field=ypokatigoria&facet.field=organismos&hl=true&hl.fragsize=200&start=30&rows=10&hl.simple.pre=<mark>&hl.snippets=3&q=*:*&defType=edismax&hl.simple.post=</mark>&qf=titlos^3+periexomeno+katigoria^2+ypokatigoria^2+organismos^2&hl.fl=periexomeno&facet=true&wt=json} hits=1246 status=0 QTime=13
2026-06-30 13:28:13.069 INFO  (qtp324404955-61-null-225) [ x:nomologia t:null-225] o.a.s.c.S.Request path=/select params={facet.field=katigoria&facet.field=ypokatigoria&facet.field=organismos&hl=true&hl.fragsize=200&start=40&rows=10&hl.simple.pre=<mark>&hl.snippets=3&q=*:*&defType=edismax&hl.simple.post=</mark>&qf=titlos^3+periexomeno+katigoria^2+ypokatigoria^2+organismos^2&hl.fl=periexomeno&facet=true&wt=json} hits=1246 status=0 QTime=15
2026-06-30 13:28:16.603 INFO  (qtp324404955-93-null-226) [ x:nomologia t:null-226] o.a.s.c.S.Request path=/admin/ping params={} hits=1246 status=0 QTime=0
2026-06-30 13:28:16.603 INFO  (qtp324404955-93-null-226) [ x:nomologia t:null-226] o.a.s.c.S.Request path=/admin/ping params={} status=0 QTime=0
2026-06-30 13:28:20.687 INFO  (qtp324404955-104-null-227) [ x:nomologia t:null-227] o.a.s.c.S.Request path=/select params={facet.field=katigoria&facet.field=ypokatigoria&facet.field=organismos&hl=true&hl.fragsize=200&start=0&rows=10&hl.simple.pre=<mark>&hl.snippets=3&q=╬╗╬╣╬╝╬Ą╬Į╬╣╬║╬▒+╬ĄŽü╬│╬▒&defType=edismax&hl.simple.post=</mark>&qf=titlos^3+periexomeno+katigoria^2+ypokatigoria^2+organismos^2&hl.fl=periexomeno&facet=true&wt=json} hits=429 status=0 QTime=66
2026-06-30 13:28:31.679 INFO  (qtp324404955-63-null-228) [ x:nomologia t:null-228] o.a.s.c.S.Request path=/admin/ping params={} hits=1246 status=0 QTime=0
2026-06-30 13:28:31.679 INFO  (qtp324404955-63-null-228) [ x:nomologia t:null-228] o.a.s.c.S.Request path=/admin/ping params={} status=0 QTime=0
2026-06-30 13:28:41.511 INFO  (qtp324404955-60-null-229) [ x:nomologia t:null-229] o.a.s.c.S.Request path=/select params={q=*:*&facet.limit=-1&facet.field=katigoria&facet.field=ypokatigoria&facet.field=organismos&facet.mincount=1&rows=0&facet=true&wt=json} hits=1246 status=0 QTime=0
2026-06-30 13:28:41.521 INFO  (qtp324404955-57-null-230) [ x:nomologia t:null-230] o.a.s.c.S.Request path=/select params={q=*:*&facet.limit=-1&facet.pivot=katigoria,ypokatigoria&facet.mincount=1&rows=0&facet=true&wt=json} hits=1246 status=0 QTime=3
2026-06-30 13:28:42.780 INFO  (qtp324404955-64-null-231) [ x:nomologia t:null-231] o.a.s.c.S.Request path=/select params={facet.field=katigoria&facet.field=ypokatigoria&facet.field=organismos&hl=true&hl.fragsize=200&start=0&fq=katigoria:("1.4++╬Æ╬Ö╬Æ╬ø╬Ö╬¤╬ś╬Ś╬Ü╬Ś++╬æ╬Ī╬ś╬Ī╬®╬Ø++╬ö╬Ś╬£╬¤╬Ż╬Ö╬®╬Ø++╬Ģ╬Ī╬ō╬®╬Ø+╬Ż╬Ģ")&rows=10&hl.simple.pre=<mark>&hl.snippets=3&q=*:*&defType=edismax&hl.simple.post=</mark>&qf=titlos^3+periexomeno+katigoria^2+ypokatigoria^2+organismos^2&hl.fl=periexomeno&facet=true&wt=json} hits=65 status=0 QTime=18
2026-06-30 13:28:42.815 INFO  (qtp324404955-59-null-232) [ x:nomologia t:null-232] o.a.s.c.S.Request path=/select params={q=*:*&facet.limit=-1&facet.pivot=katigoria,ypokatigoria&facet.mincount=1&rows=0&facet=true&wt=json} hits=1246 status=0 QTime=3
2026-06-30 13:28:42.824 INFO  (qtp324404955-62-null-233) [ x:nomologia t:null-233] o.a.s.c.S.Request path=/select params={q=*:*&facet.limit=-1&facet.field=katigoria&facet.field=ypokatigoria&facet.field=organismos&facet.mincount=1&rows=0&facet=true&wt=json} hits=1246 status=0 QTime=1
2026-06-30 13:28:46.751 INFO  (qtp324404955-58-null-234) [ x:nomologia t:null-234] o.a.s.c.S.Request path=/admin/ping params={} hits=1246 status=0 QTime=0
2026-06-30 13:28:46.751 INFO  (qtp324404955-58-null-234) [ x:nomologia t:null-234] o.a.s.c.S.Request path=/admin/ping params={} status=0 QTime=0
2026-06-30 13:28:52.477 INFO  (qtp324404955-94-null-235) [ x:nomologia t:null-235] o.a.s.c.S.Request path=/select params={facet.field=katigoria&facet.field=ypokatigoria&facet.field=organismos&hl=true&hl.fragsize=200&start=0&rows=10&hl.simple.pre=<mark>&hl.snippets=3&q=*:*&defType=edismax&hl.simple.post=</mark>&qf=titlos^3+periexomeno+katigoria^2+ypokatigoria^2+organismos^2&hl.fl=periexomeno&facet=true&wt=json} hits=1246 status=0 QTime=3
2026-06-30 13:29:01.178 INFO  (qtp324404955-98-null-236) [ x:nomologia t:null-236] o.a.s.c.S.Request path=/select params={facet.field=katigoria&facet.field=ypokatigoria&facet.field=organismos&hl=true&hl.fragsize=200&start=0&rows=10&hl.simple.pre=<mark>&hl.snippets=3&q=╬╝╬╣╬║╬Ę+╬Ė╬Ą╬┐╬┤ŽēŽü╬▒╬║╬Ę&defType=edismax&hl.simple.post=</mark>&qf=titlos^3+periexomeno+katigoria^2+ypokatigoria^2+organismos^2&hl.fl=periexomeno&facet=true&wt=json} hits=52 status=0 QTime=28
2026-06-30 13:29:01.818 INFO  (qtp324404955-56-null-237) [ x:nomologia t:null-237] o.a.s.c.S.Request path=/admin/ping params={} hits=1246 status=0 QTime=0
2026-06-30 13:29:01.818 INFO  (qtp324404955-56-null-237) [ x:nomologia t:null-237] o.a.s.c.S.Request path=/admin/ping params={} status=0 QTime=0
2026-06-30 13:29:16.872 INFO  (qtp324404955-93-null-238) [ x:nomologia t:null-238] o.a.s.c.S.Request path=/admin/ping params={} hits=1246 status=0 QTime=0
2026-06-30 13:29:16.872 INFO  (qtp324404955-93-null-238) [ x:nomologia t:null-238] o.a.s.c.S.Request path=/admin/ping params={} status=0 QTime=0
2026-06-30 13:29:31.948 INFO  (qtp324404955-61-null-239) [ x:nomologia t:null-239] o.a.s.c.S.Request path=/admin/ping params={} hits=1246 status=0 QTime=0
2026-06-30 13:29:31.948 INFO  (qtp324404955-61-null-239) [ x:nomologia t:null-239] o.a.s.c.S.Request path=/admin/ping params={} status=0 QTime=0
2026-06-30 13:29:47.007 INFO  (qtp324404955-86-null-240) [ x:nomologia t:null-240] o.a.s.c.S.Request path=/admin/ping params={} hits=1246 status=0 QTime=0
2026-06-30 13:29:47.008 INFO  (qtp324404955-86-null-240) [ x:nomologia t:null-240] o.a.s.c.S.Request path=/admin/ping params={} status=0 QTime=0
2026-06-30 13:29:54.935 INFO  (qtp324404955-85-null-241) [ x:nomologia t:null-241] o.a.s.c.S.Request path=/select params={facet.field=katigoria&facet.field=ypokatigoria&facet.field=organismos&hl=true&hl.fragsize=200&start=0&rows=10&hl.simple.pre=<mark>&hl.snippets=3&q=*:*&defType=edismax&hl.simple.post=</mark>&qf=titlos^3+periexomeno+katigoria^2+ypokatigoria^2+organismos^2&hl.fl=periexomeno&facet=true&wt=json} hits=1246 status=0 QTime=22
2026-06-30 13:29:57.071 INFO  (qtp324404955-63-null-242) [ x:nomologia t:null-242] o.a.s.c.S.Request path=/select params={facet.field=katigoria&facet.field=ypokatigoria&facet.field=organismos&hl=true&hl.fragsize=200&start=0&rows=10&hl.simple.pre=<mark>&hl.snippets=3&q=NOMOS_3661_FEK_89A_19.5.2008&defType=edismax&hl.simple.post=</mark>&qf=titlos^3+periexomeno+katigoria^2+ypokatigoria^2+organismos^2&hl.fl=periexomeno&facet=true&wt=json} hits=1 status=0 QTime=6
2026-06-30 13:30:02.069 INFO  (qtp324404955-60-null-243) [ x:nomologia t:null-243] o.a.s.c.S.Request path=/admin/ping params={} hits=1246 status=0 QTime=0
2026-06-30 13:30:02.069 INFO  (qtp324404955-60-null-243) [ x:nomologia t:null-243] o.a.s.c.S.Request path=/admin/ping params={} status=0 QTime=0
2026-06-30 13:30:04.777 INFO  (qtp324404955-57-null-244) [ x:nomologia t:null-244] o.a.s.c.S.Request path=/select params={facet.field=katigoria&facet.field=ypokatigoria&facet.field=organismos&hl=true&hl.fragsize=200&start=0&fq=katigoria:("1.12+╬Ø╬¤╬£╬¤╬ś╬Ģ╬Ż╬Ö╬æ++╬Ü╬Ģ╬Ø╬æ╬Ü++╬Ü╬ø╬Ā++╬Ż╬¦╬Ģ╬ż╬Ö╬Ü╬æ++╬£╬Ģ+╬Ģ╬Ø╬Ģ╬Ī╬ō╬Ģ╬Ö╬æ╬Ü╬æ+2022")&rows=10&hl.simple.pre=<mark>&hl.snippets=3&q=NOMOS_3661_FEK_89A_19.5.2008&defType=edismax&hl.simple.post=</mark>&qf=titlos^3+periexomeno+katigoria^2+ypokatigoria^2+organismos^2&hl.fl=periexomeno&facet=true&wt=json} hits=1 status=0 QTime=12
2026-06-30 13:30:06.732 INFO  (qtp324404955-59-null-245) [ x:nomologia t:null-245] o.a.s.c.S.Request path=/select params={facet.field=katigoria&facet.field=ypokatigoria&facet.field=organismos&hl=true&hl.fragsize=200&start=0&fq=katigoria:("1.12+╬Ø╬¤╬£╬¤╬ś╬Ģ╬Ż╬Ö╬æ++╬Ü╬Ģ╬Ø╬æ╬Ü++╬Ü╬ø╬Ā++╬Ż╬¦╬Ģ╬ż╬Ö╬Ü╬æ++╬£╬Ģ+╬Ģ╬Ø╬Ģ╬Ī╬ō╬Ģ╬Ö╬æ╬Ü╬æ+2022")&rows=10&hl.simple.pre=<mark>&hl.snippets=3&q=*:*&defType=edismax&hl.simple.post=</mark>&qf=titlos^3+periexomeno+katigoria^2+ypokatigoria^2+organismos^2&hl.fl=periexomeno&facet=true&wt=json} hits=23 status=0 QTime=19
2026-06-30 13:30:17.137 INFO  (qtp324404955-64-null-246) [ x:nomologia t:null-246] o.a.s.c.S.Request path=/admin/ping params={} hits=1246 status=0 QTime=0
2026-06-30 13:30:17.137 INFO  (qtp324404955-64-null-246) [ x:nomologia t:null-246] o.a.s.c.S.Request path=/admin/ping params={} status=0 QTime=0
2026-06-30 13:30:32.204 INFO  (qtp324404955-94-null-247) [ x:nomologia t:null-247] o.a.s.c.S.Request path=/admin/ping params={} hits=1246 status=0 QTime=0
2026-06-30 13:30:32.204 INFO  (qtp324404955-94-null-247) [ x:nomologia t:null-247] o.a.s.c.S.Request path=/admin/ping params={} status=0 QTime=0
2026-06-30 13:30:47.259 INFO  (qtp324404955-62-null-248) [ x:nomologia t:null-248] o.a.s.c.S.Request path=/admin/ping params={} hits=1246 status=0 QTime=0
2026-06-30 13:30:47.259 INFO  (qtp324404955-62-null-248) [ x:nomologia t:null-248] o.a.s.c.S.Request path=/admin/ping params={} status=0 QTime=0
2026-06-30 13:31:02.325 INFO  (qtp324404955-98-null-249) [ x:nomologia t:null-249] o.a.s.c.S.Request path=/admin/ping params={} hits=1246 status=0 QTime=0
2026-06-30 13:31:02.325 INFO  (qtp324404955-98-null-249) [ x:nomologia t:null-249] o.a.s.c.S.Request path=/admin/ping params={} status=0 QTime=0
2026-06-30 13:31:17.387 INFO  (qtp324404955-58-null-250) [ x:nomologia t:null-250] o.a.s.c.S.Request path=/admin/ping params={} hits=1246 status=0 QTime=0
2026-06-30 13:31:17.387 INFO  (qtp324404955-58-null-250) [ x:nomologia t:null-250] o.a.s.c.S.Request path=/admin/ping params={} status=0 QTime=0
2026-06-30 13:31:32.453 INFO  (qtp324404955-61-null-251) [ x:nomologia t:null-251] o.a.s.c.S.Request path=/admin/ping params={} hits=1246 status=0 QTime=0
2026-06-30 13:31:32.453 INFO  (qtp324404955-61-null-251) [ x:nomologia t:null-251] o.a.s.c.S.Request path=/admin/ping params={} status=0 QTime=0
2026-06-30 13:31:43.256 INFO  (JettyShutdownThread) [] o.e.j.s.Server Stopped oejs.Server@78365cfa{STOPPING}[12.0.27,sto=0]
2026-06-30 13:31:43.262 INFO  (JettyShutdownThread) [] o.e.j.s.AbstractConnector Stopped ServerConnector@4b50c21{HTTP/1.1, (http/1.1, h2c)}{0.0.0.0:8983}
2026-06-30 13:31:43.320 INFO  (JettyShutdownThread) [] o.a.s.c.CoreContainer Shutting down CoreContainer instance=1019157412
2026-06-30 13:31:43.326 INFO  (coreCloseExecutor-21-thread-1) [ x:nomologia] o.a.s.c.SolrCore CLOSING SolrCore org.apache.solr.core.SolrCore@59ebfc92 nomologia
2026-06-30 13:31:43.333 INFO  (coreCloseExecutor-21-thread-1) [ x:nomologia] o.a.s.u.DirectUpdateHandler2 Committing on IndexWriter.close()  ... SKIPPED (unnecessary).
2026-06-30 13:31:43.412 INFO  (JettyShutdownThread) [] o.e.j.e.s.ServletContextHandler Stopped oeje10w.WebAppContext@49bd54f7{solr-jetty-context,/solr,b=null,a=AVAILABLE,h=oeje10s.SessionHandler@6b5f8707{STOPPED}}{/opt/solr-10.0.0/server/solr-webapp/webapp}
